{"C:\\Users\\hp\\Documents\\BOOTCAMP LABO\\DEV005-burger-queen-api-client\\burger-queen-fer-marlen\\src\\components\\Banner\\Banner.jsx": {"path":"C:\\Users\\hp\\Documents\\BOOTCAMP LABO\\DEV005-burger-queen-api-client\\burger-queen-fer-marlen\\src\\components\\Banner\\Banner.jsx","statementMap":{"0":{"start":{"line":4,"column":2},"end":{"line":10,"column":4}}},"fnMap":{"0":{"name":"Banner","decl":{"start":{"line":3,"column":9},"end":{"line":3,"column":15}},"loc":{"start":{"line":3,"column":18},"end":{"line":11,"column":1}},"line":3}},"branchMap":{},"s":{"0":6},"f":{"0":6},"b":{},"_coverageSchema":"1a1c01bbd47fc00a2c39e90264f33305004495a9","hash":"47c4429476cf44a052d021a01e1b44d6ffd7d6a1"}
,"C:\\Users\\hp\\Documents\\BOOTCAMP LABO\\DEV005-burger-queen-api-client\\burger-queen-fer-marlen\\src\\components\\Button\\Button.jsx": {"path":"C:\\Users\\hp\\Documents\\BOOTCAMP LABO\\DEV005-burger-queen-api-client\\burger-queen-fer-marlen\\src\\components\\Button\\Button.jsx","statementMap":{"0":{"start":{"line":2,"column":2},"end":{"line":8,"column":4}}},"fnMap":{"0":{"name":"Button","decl":{"start":{"line":1,"column":9},"end":{"line":1,"column":15}},"loc":{"start":{"line":1,"column":45},"end":{"line":9,"column":1}},"line":1}},"branchMap":{},"s":{"0":8},"f":{"0":8},"b":{},"_coverageSchema":"1a1c01bbd47fc00a2c39e90264f33305004495a9","hash":"8104e828e2c2ef22901329d358340cf8571c43f2"}
,"C:\\Users\\hp\\Documents\\BOOTCAMP LABO\\DEV005-burger-queen-api-client\\burger-queen-fer-marlen\\src\\components\\Footer\\Footer.jsx": {"path":"C:\\Users\\hp\\Documents\\BOOTCAMP LABO\\DEV005-burger-queen-api-client\\burger-queen-fer-marlen\\src\\components\\Footer\\Footer.jsx","statementMap":{"0":{"start":{"line":2,"column":2},"end":{"line":8,"column":4}}},"fnMap":{"0":{"name":"Footer","decl":{"start":{"line":1,"column":9},"end":{"line":1,"column":15}},"loc":{"start":{"line":1,"column":18},"end":{"line":9,"column":1}},"line":1}},"branchMap":{},"s":{"0":0},"f":{"0":0},"b":{},"_coverageSchema":"1a1c01bbd47fc00a2c39e90264f33305004495a9","hash":"e081decc5eecec7d12555883c089272780d0243b"}
,"C:\\Users\\hp\\Documents\\BOOTCAMP LABO\\DEV005-burger-queen-api-client\\burger-queen-fer-marlen\\src\\components\\Header\\Header.jsx": {"path":"C:\\Users\\hp\\Documents\\BOOTCAMP LABO\\DEV005-burger-queen-api-client\\burger-queen-fer-marlen\\src\\components\\Header\\Header.jsx","statementMap":{"0":{"start":{"line":9,"column":19},"end":{"line":9,"column":32}},"1":{"start":{"line":12,"column":4},"end":{"line":12,"column":25}},"2":{"start":{"line":15,"column":2},"end":{"line":29,"column":4}}},"fnMap":{"0":{"name":"Header","decl":{"start":{"line":8,"column":9},"end":{"line":8,"column":15}},"loc":{"start":{"line":8,"column":32},"end":{"line":30,"column":1}},"line":8},"1":{"name":"logout","decl":{"start":{"line":11,"column":11},"end":{"line":11,"column":17}},"loc":{"start":{"line":11,"column":20},"end":{"line":13,"column":3}},"line":11}},"branchMap":{},"s":{"0":6,"1":0,"2":6},"f":{"0":6,"1":0},"b":{},"_coverageSchema":"1a1c01bbd47fc00a2c39e90264f33305004495a9","hash":"a9a6dad4f450c9e78dd19f24579a81f36bfa9252"}
,"C:\\Users\\hp\\Documents\\BOOTCAMP LABO\\DEV005-burger-queen-api-client\\burger-queen-fer-marlen\\src\\components\\Orders\\Orders.jsx": {"path":"C:\\Users\\hp\\Documents\\BOOTCAMP LABO\\DEV005-burger-queen-api-client\\burger-queen-fer-marlen\\src\\components\\Orders\\Orders.jsx","statementMap":{"0":{"start":{"line":17,"column":19},"end":{"line":17,"column":32}},"1":{"start":{"line":19,"column":46},"end":{"line":19,"column":58}},"2":{"start":{"line":21,"column":2},"end":{"line":21,"column":30}},"3":{"start":{"line":22,"column":48},"end":{"line":22,"column":67}},"4":{"start":{"line":24,"column":16},"end":{"line":24,"column":45}},"5":{"start":{"line":25,"column":24},"end":{"line":25,"column":41}},"6":{"start":{"line":26,"column":15},"end":{"line":26,"column":43}},"7":{"start":{"line":27,"column":21},"end":{"line":27,"column":35}},"8":{"start":{"line":28,"column":2},"end":{"line":28,"column":49}},"9":{"start":{"line":30,"column":2},"end":{"line":45,"column":9}},"10":{"start":{"line":31,"column":4},"end":{"line":44,"column":9}},"11":{"start":{"line":33,"column":8},"end":{"line":33,"column":25}},"12":{"start":{"line":34,"column":8},"end":{"line":34,"column":38}},"13":{"start":{"line":36,"column":25},"end":{"line":39,"column":10}},"14":{"start":{"line":37,"column":10},"end":{"line":37,"column":29}},"15":{"start":{"line":38,"column":10},"end":{"line":38,"column":46}},"16":{"start":{"line":40,"column":8},"end":{"line":40,"column":36}},"17":{"start":{"line":43,"column":8},"end":{"line":43,"column":36}},"18":{"start":{"line":47,"column":19},"end":{"line":47,"column":38}},"19":{"start":{"line":48,"column":16},"end":{"line":48,"column":39}},"20":{"start":{"line":49,"column":4},"end":{"line":49,"column":42}},"21":{"start":{"line":50,"column":15},"end":{"line":50,"column":27}},"22":{"start":{"line":52,"column":4},"end":{"line":52,"column":42}},"23":{"start":{"line":53,"column":4},"end":{"line":53,"column":53}},"24":{"start":{"line":54,"column":4},"end":{"line":54,"column":64}},"25":{"start":{"line":55,"column":4},"end":{"line":55,"column":42}},"26":{"start":{"line":56,"column":4},"end":{"line":56,"column":42}},"27":{"start":{"line":57,"column":4},"end":{"line":57,"column":42}},"28":{"start":{"line":59,"column":4},"end":{"line":59,"column":62}},"29":{"start":{"line":62,"column":4},"end":{"line":67,"column":7}},"30":{"start":{"line":63,"column":20},"end":{"line":63,"column":39}},"31":{"start":{"line":64,"column":6},"end":{"line":64,"column":51}},"32":{"start":{"line":64,"column":38},"end":{"line":64,"column":49}},"33":{"start":{"line":65,"column":6},"end":{"line":65,"column":33}},"34":{"start":{"line":66,"column":6},"end":{"line":66,"column":10}},"35":{"start":{"line":70,"column":4},"end":{"line":70,"column":31}},"36":{"start":{"line":72,"column":2},"end":{"line":135,"column":4}},"37":{"start":{"line":90,"column":36},"end":{"line":102,"column":14}},"38":{"start":{"line":91,"column":14},"end":{"line":101,"column":16}},"39":{"start":{"line":103,"column":12},"end":{"line":126,"column":14}},"40":{"start":{"line":122,"column":35},"end":{"line":122,"column":72}}},"fnMap":{"0":{"name":"Orders","decl":{"start":{"line":16,"column":9},"end":{"line":16,"column":15}},"loc":{"start":{"line":16,"column":18},"end":{"line":136,"column":1}},"line":16},"1":{"name":"(anonymous_1)","decl":{"start":{"line":30,"column":12},"end":{"line":30,"column":13}},"loc":{"start":{"line":30,"column":18},"end":{"line":45,"column":3}},"line":30},"2":{"name":"(anonymous_2)","decl":{"start":{"line":32,"column":12},"end":{"line":32,"column":13}},"loc":{"start":{"line":32,"column":21},"end":{"line":41,"column":7}},"line":32},"3":{"name":"(anonymous_3)","decl":{"start":{"line":36,"column":36},"end":{"line":36,"column":37}},"loc":{"start":{"line":36,"column":47},"end":{"line":39,"column":9}},"line":36},"4":{"name":"(anonymous_4)","decl":{"start":{"line":42,"column":13},"end":{"line":42,"column":14}},"loc":{"start":{"line":42,"column":24},"end":{"line":44,"column":7}},"line":42},"5":{"name":"getTime","decl":{"start":{"line":46,"column":11},"end":{"line":46,"column":18}},"loc":{"start":{"line":46,"column":45},"end":{"line":60,"column":3}},"line":46},"6":{"name":"deleteOrderId","decl":{"start":{"line":61,"column":11},"end":{"line":61,"column":24}},"loc":{"start":{"line":61,"column":29},"end":{"line":68,"column":3}},"line":61},"7":{"name":"(anonymous_7)","decl":{"start":{"line":62,"column":40},"end":{"line":62,"column":41}},"loc":{"start":{"line":62,"column":49},"end":{"line":67,"column":5}},"line":62},"8":{"name":"(anonymous_8)","decl":{"start":{"line":64,"column":31},"end":{"line":64,"column":32}},"loc":{"start":{"line":64,"column":38},"end":{"line":64,"column":49}},"line":64},"9":{"name":"goToOrders","decl":{"start":{"line":69,"column":11},"end":{"line":69,"column":21}},"loc":{"start":{"line":69,"column":24},"end":{"line":71,"column":3}},"line":69},"10":{"name":"(anonymous_10)","decl":{"start":{"line":89,"column":30},"end":{"line":89,"column":31}},"loc":{"start":{"line":89,"column":41},"end":{"line":127,"column":11}},"line":89},"11":{"name":"(anonymous_11)","decl":{"start":{"line":90,"column":55},"end":{"line":90,"column":56}},"loc":{"start":{"line":90,"column":62},"end":{"line":102,"column":13}},"line":90},"12":{"name":"(anonymous_12)","decl":{"start":{"line":122,"column":29},"end":{"line":122,"column":30}},"loc":{"start":{"line":122,"column":35},"end":{"line":122,"column":72}},"line":122}},"branchMap":{"0":{"loc":{"start":{"line":55,"column":4},"end":{"line":55,"column":41}},"type":"cond-expr","locations":[{"start":{"line":55,"column":14},"end":{"line":55,"column":25}},{"start":{"line":55,"column":30},"end":{"line":55,"column":40}}],"line":55},"1":{"loc":{"start":{"line":56,"column":4},"end":{"line":56,"column":41}},"type":"cond-expr","locations":[{"start":{"line":56,"column":14},"end":{"line":56,"column":25}},{"start":{"line":56,"column":30},"end":{"line":56,"column":40}}],"line":56},"2":{"loc":{"start":{"line":57,"column":4},"end":{"line":57,"column":41}},"type":"cond-expr","locations":[{"start":{"line":57,"column":14},"end":{"line":57,"column":25}},{"start":{"line":57,"column":30},"end":{"line":57,"column":40}}],"line":57},"3":{"loc":{"start":{"line":79,"column":7},"end":{"line":131,"column":14}},"type":"cond-expr","locations":[{"start":{"line":80,"column":8},"end":{"line":80,"column":54}},{"start":{"line":81,"column":10},"end":{"line":131,"column":14}}],"line":79},"4":{"loc":{"start":{"line":81,"column":10},"end":{"line":131,"column":14}},"type":"cond-expr","locations":[{"start":{"line":82,"column":8},"end":{"line":82,"column":66}},{"start":{"line":83,"column":10},"end":{"line":131,"column":14}}],"line":81},"5":{"loc":{"start":{"line":81,"column":10},"end":{"line":81,"column":70}},"type":"binary-expr","locations":[{"start":{"line":81,"column":10},"end":{"line":81,"column":39}},{"start":{"line":81,"column":43},"end":{"line":81,"column":70}}],"line":81},"6":{"loc":{"start":{"line":83,"column":10},"end":{"line":131,"column":14}},"type":"cond-expr","locations":[{"start":{"line":84,"column":8},"end":{"line":128,"column":14}},{"start":{"line":129,"column":10},"end":{"line":131,"column":14}}],"line":83},"7":{"loc":{"start":{"line":129,"column":10},"end":{"line":131,"column":14}},"type":"cond-expr","locations":[{"start":{"line":130,"column":8},"end":{"line":130,"column":61}},{"start":{"line":131,"column":10},"end":{"line":131,"column":14}}],"line":129}},"s":{"0":6,"1":6,"2":6,"3":6,"4":6,"5":6,"6":6,"7":6,"8":6,"9":6,"10":3,"11":2,"12":2,"13":2,"14":2,"15":2,"16":2,"17":1,"18":2,"19":2,"20":2,"21":2,"22":2,"23":2,"24":2,"25":2,"26":2,"27":2,"28":2,"29":1,"30":0,"31":0,"32":0,"33":0,"34":0,"35":0,"36":6,"37":2,"38":2,"39":2,"40":1},"f":{"0":6,"1":3,"2":2,"3":2,"4":1,"5":2,"6":1,"7":0,"8":0,"9":0,"10":2,"11":2,"12":1},"b":{"0":[2,0],"1":[2,0],"2":[2,0],"3":[3,3],"4":[0,3],"5":[3,2],"6":[2,1],"7":[1,0]},"_coverageSchema":"1a1c01bbd47fc00a2c39e90264f33305004495a9","hash":"2d29cb595ec638db288b2584da7d30e393259b2c"}
,"C:\\Users\\hp\\Documents\\BOOTCAMP LABO\\DEV005-burger-queen-api-client\\burger-queen-fer-marlen\\src\\components\\Timer\\Timer.jsx": {"path":"C:\\Users\\hp\\Documents\\BOOTCAMP LABO\\DEV005-burger-queen-api-client\\burger-queen-fer-marlen\\src\\components\\Timer\\Timer.jsx","statementMap":{"0":{"start":{"line":4,"column":40},"end":{"line":4,"column":52}},"1":{"start":{"line":6,"column":2},"end":{"line":25,"column":13}},"2":{"start":{"line":7,"column":21},"end":{"line":22,"column":12}},"3":{"start":{"line":8,"column":24},"end":{"line":8,"column":34}},"4":{"start":{"line":9,"column":21},"end":{"line":9,"column":35}},"5":{"start":{"line":10,"column":29},"end":{"line":10,"column":71}},"6":{"start":{"line":11,"column":34},"end":{"line":11,"column":69}},"7":{"start":{"line":12,"column":33},"end":{"line":12,"column":71}},"8":{"start":{"line":13,"column":31},"end":{"line":13,"column":68}},"9":{"start":{"line":14,"column":30},"end":{"line":14,"column":65}},"10":{"start":{"line":17,"column":6},"end":{"line":21,"column":8}},"11":{"start":{"line":24,"column":4},"end":{"line":24,"column":41}},"12":{"start":{"line":24,"column":17},"end":{"line":24,"column":40}},"13":{"start":{"line":26,"column":2},"end":{"line":26,"column":36}}},"fnMap":{"0":{"name":"Timer","decl":{"start":{"line":3,"column":9},"end":{"line":3,"column":14}},"loc":{"start":{"line":3,"column":25},"end":{"line":27,"column":1}},"line":3},"1":{"name":"(anonymous_1)","decl":{"start":{"line":6,"column":12},"end":{"line":6,"column":13}},"loc":{"start":{"line":6,"column":18},"end":{"line":25,"column":3}},"line":6},"2":{"name":"(anonymous_2)","decl":{"start":{"line":7,"column":33},"end":{"line":7,"column":34}},"loc":{"start":{"line":7,"column":39},"end":{"line":22,"column":5}},"line":7},"3":{"name":"(anonymous_3)","decl":{"start":{"line":24,"column":11},"end":{"line":24,"column":12}},"loc":{"start":{"line":24,"column":17},"end":{"line":24,"column":40}},"line":24}},"branchMap":{},"s":{"0":0,"1":0,"2":0,"3":0,"4":0,"5":0,"6":0,"7":0,"8":0,"9":0,"10":0,"11":0,"12":0,"13":0},"f":{"0":0,"1":0,"2":0,"3":0},"b":{},"_coverageSchema":"1a1c01bbd47fc00a2c39e90264f33305004495a9","hash":"82e2fcb299aab358bc446e51c479f2599e41490e"}
,"C:\\Users\\hp\\Documents\\BOOTCAMP LABO\\DEV005-burger-queen-api-client\\burger-queen-fer-marlen\\src\\components\\Title\\Title.jsx": {"path":"C:\\Users\\hp\\Documents\\BOOTCAMP LABO\\DEV005-burger-queen-api-client\\burger-queen-fer-marlen\\src\\components\\Title\\Title.jsx","statementMap":{"0":{"start":{"line":2,"column":2},"end":{"line":6,"column":4}}},"fnMap":{"0":{"name":"Title","decl":{"start":{"line":1,"column":9},"end":{"line":1,"column":14}},"loc":{"start":{"line":1,"column":26},"end":{"line":7,"column":1}},"line":1}},"branchMap":{},"s":{"0":6},"f":{"0":6},"b":{},"_coverageSchema":"1a1c01bbd47fc00a2c39e90264f33305004495a9","hash":"a2663d2386d40de1f0db4d6708ddab07a600cd91"}
,"C:\\Users\\hp\\Documents\\BOOTCAMP LABO\\DEV005-burger-queen-api-client\\burger-queen-fer-marlen\\src\\lib\\api.js": {"path":"C:\\Users\\hp\\Documents\\BOOTCAMP LABO\\DEV005-burger-queen-api-client\\burger-queen-fer-marlen\\src\\lib\\api.js","statementMap":{"0":{"start":{"line":1,"column":13},"end":{"line":1,"column":37}},"1":{"start":{"line":2,"column":19},"end":{"line":2,"column":37}},"2":{"start":{"line":5,"column":2},"end":{"line":18,"column":7}},"3":{"start":{"line":15,"column":19},"end":{"line":15,"column":29}},"4":{"start":{"line":17,"column":6},"end":{"line":17,"column":17}},"5":{"start":{"line":22,"column":2},"end":{"line":31,"column":7}},"6":{"start":{"line":28,"column":19},"end":{"line":28,"column":29}},"7":{"start":{"line":30,"column":6},"end":{"line":30,"column":17}},"8":{"start":{"line":35,"column":18},"end":{"line":35,"column":36}},"9":{"start":{"line":36,"column":21},"end":{"line":36,"column":48}},"10":{"start":{"line":37,"column":2},"end":{"line":37,"column":20}},"11":{"start":{"line":41,"column":2},"end":{"line":55,"column":7}},"12":{"start":{"line":52,"column":19},"end":{"line":52,"column":29}},"13":{"start":{"line":54,"column":6},"end":{"line":54,"column":31}},"14":{"start":{"line":58,"column":2},"end":{"line":67,"column":7}},"15":{"start":{"line":64,"column":19},"end":{"line":64,"column":29}},"16":{"start":{"line":66,"column":6},"end":{"line":66,"column":56}},"17":{"start":{"line":70,"column":2},"end":{"line":85,"column":46}},"18":{"start":{"line":83,"column":6},"end":{"line":83,"column":10}},"19":{"start":{"line":85,"column":20},"end":{"line":85,"column":44}},"20":{"start":{"line":89,"column":2},"end":{"line":99,"column":7}},"21":{"start":{"line":95,"column":19},"end":{"line":95,"column":29}},"22":{"start":{"line":97,"column":6},"end":{"line":97,"column":31}},"23":{"start":{"line":98,"column":6},"end":{"line":98,"column":17}},"24":{"start":{"line":102,"column":2},"end":{"line":111,"column":7}},"25":{"start":{"line":108,"column":19},"end":{"line":108,"column":29}},"26":{"start":{"line":110,"column":6},"end":{"line":110,"column":57}},"27":{"start":{"line":114,"column":2},"end":{"line":131,"column":46}},"28":{"start":{"line":129,"column":6},"end":{"line":129,"column":10}},"29":{"start":{"line":131,"column":20},"end":{"line":131,"column":44}},"30":{"start":{"line":134,"column":2},"end":{"line":153,"column":7}},"31":{"start":{"line":149,"column":6},"end":{"line":149,"column":17}},"32":{"start":{"line":152,"column":6},"end":{"line":152,"column":31}},"33":{"start":{"line":157,"column":2},"end":{"line":168,"column":7}},"34":{"start":{"line":165,"column":19},"end":{"line":165,"column":29}},"35":{"start":{"line":167,"column":6},"end":{"line":167,"column":31}},"36":{"start":{"line":171,"column":2},"end":{"line":181,"column":7}},"37":{"start":{"line":177,"column":19},"end":{"line":177,"column":29}},"38":{"start":{"line":179,"column":6},"end":{"line":179,"column":31}},"39":{"start":{"line":180,"column":6},"end":{"line":180,"column":17}},"40":{"start":{"line":185,"column":2},"end":{"line":199,"column":46}},"41":{"start":{"line":197,"column":6},"end":{"line":197,"column":10}},"42":{"start":{"line":199,"column":20},"end":{"line":199,"column":44}}},"fnMap":{"0":{"name":"getLogin","decl":{"start":{"line":4,"column":16},"end":{"line":4,"column":24}},"loc":{"start":{"line":4,"column":42},"end":{"line":19,"column":1}},"line":4},"1":{"name":"(anonymous_1)","decl":{"start":{"line":15,"column":10},"end":{"line":15,"column":11}},"loc":{"start":{"line":15,"column":19},"end":{"line":15,"column":29}},"line":15},"2":{"name":"(anonymous_2)","decl":{"start":{"line":16,"column":11},"end":{"line":16,"column":12}},"loc":{"start":{"line":16,"column":20},"end":{"line":18,"column":5}},"line":16},"3":{"name":"getEmployees","decl":{"start":{"line":21,"column":16},"end":{"line":21,"column":28}},"loc":{"start":{"line":21,"column":36},"end":{"line":32,"column":1}},"line":21},"4":{"name":"(anonymous_4)","decl":{"start":{"line":28,"column":10},"end":{"line":28,"column":11}},"loc":{"start":{"line":28,"column":19},"end":{"line":28,"column":29}},"line":28},"5":{"name":"(anonymous_5)","decl":{"start":{"line":29,"column":11},"end":{"line":29,"column":12}},"loc":{"start":{"line":29,"column":20},"end":{"line":31,"column":5}},"line":29},"6":{"name":"cutEmail","decl":{"start":{"line":34,"column":16},"end":{"line":34,"column":24}},"loc":{"start":{"line":34,"column":32},"end":{"line":38,"column":1}},"line":34},"7":{"name":"createUser","decl":{"start":{"line":40,"column":16},"end":{"line":40,"column":26}},"loc":{"start":{"line":40,"column":50},"end":{"line":56,"column":1}},"line":40},"8":{"name":"(anonymous_8)","decl":{"start":{"line":52,"column":10},"end":{"line":52,"column":11}},"loc":{"start":{"line":52,"column":19},"end":{"line":52,"column":29}},"line":52},"9":{"name":"(anonymous_9)","decl":{"start":{"line":53,"column":11},"end":{"line":53,"column":12}},"loc":{"start":{"line":53,"column":20},"end":{"line":55,"column":5}},"line":53},"10":{"name":"deleteUser","decl":{"start":{"line":57,"column":16},"end":{"line":57,"column":26}},"loc":{"start":{"line":57,"column":38},"end":{"line":68,"column":1}},"line":57},"11":{"name":"(anonymous_11)","decl":{"start":{"line":64,"column":10},"end":{"line":64,"column":11}},"loc":{"start":{"line":64,"column":19},"end":{"line":64,"column":29}},"line":64},"12":{"name":"(anonymous_12)","decl":{"start":{"line":65,"column":11},"end":{"line":65,"column":12}},"loc":{"start":{"line":65,"column":20},"end":{"line":67,"column":5}},"line":65},"13":{"name":"editUser","decl":{"start":{"line":69,"column":16},"end":{"line":69,"column":24}},"loc":{"start":{"line":69,"column":60},"end":{"line":86,"column":1}},"line":69},"14":{"name":"(anonymous_14)","decl":{"start":{"line":82,"column":10},"end":{"line":82,"column":11}},"loc":{"start":{"line":82,"column":19},"end":{"line":84,"column":5}},"line":82},"15":{"name":"(anonymous_15)","decl":{"start":{"line":85,"column":11},"end":{"line":85,"column":12}},"loc":{"start":{"line":85,"column":20},"end":{"line":85,"column":44}},"line":85},"16":{"name":"getProducts","decl":{"start":{"line":88,"column":16},"end":{"line":88,"column":27}},"loc":{"start":{"line":88,"column":35},"end":{"line":100,"column":1}},"line":88},"17":{"name":"(anonymous_17)","decl":{"start":{"line":95,"column":10},"end":{"line":95,"column":11}},"loc":{"start":{"line":95,"column":19},"end":{"line":95,"column":29}},"line":95},"18":{"name":"(anonymous_18)","decl":{"start":{"line":96,"column":11},"end":{"line":96,"column":12}},"loc":{"start":{"line":96,"column":20},"end":{"line":99,"column":5}},"line":96},"19":{"name":"deleteProduct","decl":{"start":{"line":101,"column":16},"end":{"line":101,"column":29}},"loc":{"start":{"line":101,"column":41},"end":{"line":112,"column":1}},"line":101},"20":{"name":"(anonymous_20)","decl":{"start":{"line":108,"column":10},"end":{"line":108,"column":11}},"loc":{"start":{"line":108,"column":19},"end":{"line":108,"column":29}},"line":108},"21":{"name":"(anonymous_21)","decl":{"start":{"line":109,"column":11},"end":{"line":109,"column":12}},"loc":{"start":{"line":109,"column":20},"end":{"line":111,"column":5}},"line":109},"22":{"name":"editProduct","decl":{"start":{"line":113,"column":16},"end":{"line":113,"column":27}},"loc":{"start":{"line":113,"column":69},"end":{"line":132,"column":1}},"line":113},"23":{"name":"(anonymous_23)","decl":{"start":{"line":128,"column":10},"end":{"line":128,"column":11}},"loc":{"start":{"line":128,"column":19},"end":{"line":130,"column":5}},"line":128},"24":{"name":"(anonymous_24)","decl":{"start":{"line":131,"column":11},"end":{"line":131,"column":12}},"loc":{"start":{"line":131,"column":20},"end":{"line":131,"column":44}},"line":131},"25":{"name":"createProduct","decl":{"start":{"line":133,"column":16},"end":{"line":133,"column":29}},"loc":{"start":{"line":133,"column":66},"end":{"line":154,"column":1}},"line":133},"26":{"name":"(anonymous_26)","decl":{"start":{"line":148,"column":10},"end":{"line":148,"column":11}},"loc":{"start":{"line":148,"column":19},"end":{"line":150,"column":5}},"line":148},"27":{"name":"(anonymous_27)","decl":{"start":{"line":151,"column":11},"end":{"line":151,"column":12}},"loc":{"start":{"line":151,"column":20},"end":{"line":153,"column":5}},"line":151},"28":{"name":"createOrder","decl":{"start":{"line":156,"column":16},"end":{"line":156,"column":27}},"loc":{"start":{"line":156,"column":40},"end":{"line":169,"column":1}},"line":156},"29":{"name":"(anonymous_29)","decl":{"start":{"line":165,"column":10},"end":{"line":165,"column":11}},"loc":{"start":{"line":165,"column":19},"end":{"line":165,"column":29}},"line":165},"30":{"name":"(anonymous_30)","decl":{"start":{"line":166,"column":11},"end":{"line":166,"column":12}},"loc":{"start":{"line":166,"column":20},"end":{"line":168,"column":5}},"line":166},"31":{"name":"getOrders","decl":{"start":{"line":170,"column":16},"end":{"line":170,"column":25}},"loc":{"start":{"line":170,"column":33},"end":{"line":182,"column":1}},"line":170},"32":{"name":"(anonymous_32)","decl":{"start":{"line":177,"column":10},"end":{"line":177,"column":11}},"loc":{"start":{"line":177,"column":19},"end":{"line":177,"column":29}},"line":177},"33":{"name":"(anonymous_33)","decl":{"start":{"line":178,"column":11},"end":{"line":178,"column":12}},"loc":{"start":{"line":178,"column":20},"end":{"line":181,"column":5}},"line":178},"34":{"name":"updateOrder","decl":{"start":{"line":184,"column":16},"end":{"line":184,"column":27}},"loc":{"start":{"line":184,"column":48},"end":{"line":200,"column":1}},"line":184},"35":{"name":"(anonymous_35)","decl":{"start":{"line":196,"column":10},"end":{"line":196,"column":11}},"loc":{"start":{"line":196,"column":19},"end":{"line":198,"column":5}},"line":196},"36":{"name":"(anonymous_36)","decl":{"start":{"line":199,"column":11},"end":{"line":199,"column":12}},"loc":{"start":{"line":199,"column":20},"end":{"line":199,"column":44}},"line":199}},"branchMap":{},"s":{"0":1,"1":1,"2":0,"3":0,"4":0,"5":0,"6":0,"7":0,"8":0,"9":0,"10":0,"11":0,"12":0,"13":0,"14":0,"15":0,"16":0,"17":0,"18":0,"19":0,"20":0,"21":0,"22":0,"23":0,"24":0,"25":0,"26":0,"27":0,"28":0,"29":0,"30":0,"31":0,"32":0,"33":0,"34":0,"35":0,"36":0,"37":0,"38":0,"39":0,"40":0,"41":0,"42":0},"f":{"0":0,"1":0,"2":0,"3":0,"4":0,"5":0,"6":0,"7":0,"8":0,"9":0,"10":0,"11":0,"12":0,"13":0,"14":0,"15":0,"16":0,"17":0,"18":0,"19":0,"20":0,"21":0,"22":0,"23":0,"24":0,"25":0,"26":0,"27":0,"28":0,"29":0,"30":0,"31":0,"32":0,"33":0,"34":0,"35":0,"36":0},"b":{},"_coverageSchema":"1a1c01bbd47fc00a2c39e90264f33305004495a9","hash":"5e67ae05c021fc2ca538d0db6c32e46756a1fae2"}
}
