{"C:\\Users\\Marle\\OneDrive\\Escritorio\\BurgerQueen\\DEV005-burger-queen-api-client\\burger-queen-fer-marlen\\src\\components\\Admin\\Admin.jsx": {"path":"C:\\Users\\Marle\\OneDrive\\Escritorio\\BurgerQueen\\DEV005-burger-queen-api-client\\burger-queen-fer-marlen\\src\\components\\Admin\\Admin.jsx","statementMap":{"0":{"start":{"line":12,"column":19},"end":{"line":12,"column":32}},"1":{"start":{"line":13,"column":15},"end":{"line":13,"column":43}},"2":{"start":{"line":14,"column":21},"end":{"line":14,"column":35}},"3":{"start":{"line":15,"column":2},"end":{"line":15,"column":49}},"4":{"start":{"line":17,"column":4},"end":{"line":17,"column":40}},"5":{"start":{"line":20,"column":4},"end":{"line":20,"column":39}},"6":{"start":{"line":22,"column":2},"end":{"line":41,"column":4}}},"fnMap":{"0":{"name":"Admin","decl":{"start":{"line":11,"column":9},"end":{"line":11,"column":14}},"loc":{"start":{"line":11,"column":17},"end":{"line":42,"column":1}},"line":11},"1":{"name":"goEmployees","decl":{"start":{"line":16,"column":11},"end":{"line":16,"column":22}},"loc":{"start":{"line":16,"column":25},"end":{"line":18,"column":3}},"line":16},"2":{"name":"goProducts","decl":{"start":{"line":19,"column":11},"end":{"line":19,"column":21}},"loc":{"start":{"line":19,"column":24},"end":{"line":21,"column":3}},"line":19}},"branchMap":{},"s":{"0":2,"1":2,"2":2,"3":2,"4":1,"5":1,"6":2},"f":{"0":2,"1":1,"2":1},"b":{},"_coverageSchema":"1a1c01bbd47fc00a2c39e90264f33305004495a9","hash":"b360931294d0b57c1a76bf754ef59d6288d4c2ce"}
,"C:\\Users\\Marle\\OneDrive\\Escritorio\\BurgerQueen\\DEV005-burger-queen-api-client\\burger-queen-fer-marlen\\src\\components\\Banner\\Banner.jsx": {"path":"C:\\Users\\Marle\\OneDrive\\Escritorio\\BurgerQueen\\DEV005-burger-queen-api-client\\burger-queen-fer-marlen\\src\\components\\Banner\\Banner.jsx","statementMap":{"0":{"start":{"line":4,"column":2},"end":{"line":14,"column":4}}},"fnMap":{"0":{"name":"Banner","decl":{"start":{"line":3,"column":9},"end":{"line":3,"column":15}},"loc":{"start":{"line":3,"column":18},"end":{"line":15,"column":1}},"line":3}},"branchMap":{},"s":{"0":86},"f":{"0":86},"b":{},"_coverageSchema":"1a1c01bbd47fc00a2c39e90264f33305004495a9","hash":"5b05ab350126efe45e301b76ff9e426b4813687f"}
,"C:\\Users\\Marle\\OneDrive\\Escritorio\\BurgerQueen\\DEV005-burger-queen-api-client\\burger-queen-fer-marlen\\src\\components\\Button\\Button.jsx": {"path":"C:\\Users\\Marle\\OneDrive\\Escritorio\\BurgerQueen\\DEV005-burger-queen-api-client\\burger-queen-fer-marlen\\src\\components\\Button\\Button.jsx","statementMap":{"0":{"start":{"line":2,"column":2},"end":{"line":8,"column":4}}},"fnMap":{"0":{"name":"Button","decl":{"start":{"line":1,"column":9},"end":{"line":1,"column":15}},"loc":{"start":{"line":1,"column":45},"end":{"line":9,"column":1}},"line":1}},"branchMap":{},"s":{"0":146},"f":{"0":146},"b":{},"_coverageSchema":"1a1c01bbd47fc00a2c39e90264f33305004495a9","hash":"796fe440109087b14268f39164b38af5d2fcabc1"}
,"C:\\Users\\Marle\\OneDrive\\Escritorio\\BurgerQueen\\DEV005-burger-queen-api-client\\burger-queen-fer-marlen\\src\\components\\Card\\Card.jsx": {"path":"C:\\Users\\Marle\\OneDrive\\Escritorio\\BurgerQueen\\DEV005-burger-queen-api-client\\burger-queen-fer-marlen\\src\\components\\Card\\Card.jsx","statementMap":{"0":{"start":{"line":7,"column":28},"end":{"line":7,"column":39}},"1":{"start":{"line":9,"column":2},"end":{"line":37,"column":4}},"2":{"start":{"line":20,"column":14},"end":{"line":20,"column":34}},"3":{"start":{"line":28,"column":14},"end":{"line":28,"column":34}},"4":{"start":{"line":33,"column":10},"end":{"line":33,"column":22}},"5":{"start":{"line":34,"column":10},"end":{"line":34,"column":45}}},"fnMap":{"0":{"name":"Card","decl":{"start":{"line":6,"column":9},"end":{"line":6,"column":13}},"loc":{"start":{"line":6,"column":84},"end":{"line":38,"column":1}},"line":6},"1":{"name":"(anonymous_1)","decl":{"start":{"line":19,"column":21},"end":{"line":19,"column":22}},"loc":{"start":{"line":19,"column":27},"end":{"line":21,"column":13}},"line":19},"2":{"name":"(anonymous_2)","decl":{"start":{"line":27,"column":21},"end":{"line":27,"column":22}},"loc":{"start":{"line":27,"column":27},"end":{"line":29,"column":13}},"line":27},"3":{"name":"(anonymous_3)","decl":{"start":{"line":32,"column":54},"end":{"line":32,"column":55}},"loc":{"start":{"line":32,"column":60},"end":{"line":34,"column":46}},"line":32}},"branchMap":{},"s":{"0":44,"1":44,"2":2,"3":3,"4":6,"5":6},"f":{"0":44,"1":2,"2":3,"3":6},"b":{},"_coverageSchema":"1a1c01bbd47fc00a2c39e90264f33305004495a9","hash":"e15362595e52b2da182a59d0a32f3fa0705d080f"}
,"C:\\Users\\Marle\\OneDrive\\Escritorio\\BurgerQueen\\DEV005-burger-queen-api-client\\burger-queen-fer-marlen\\src\\components\\Chef\\Chef.jsx": {"path":"C:\\Users\\Marle\\OneDrive\\Escritorio\\BurgerQueen\\DEV005-burger-queen-api-client\\burger-queen-fer-marlen\\src\\components\\Chef\\Chef.jsx","statementMap":{"0":{"start":{"line":14,"column":38},"end":{"line":14,"column":50}},"1":{"start":{"line":15,"column":16},"end":{"line":15,"column":45}},"2":{"start":{"line":16,"column":24},"end":{"line":16,"column":41}},"3":{"start":{"line":17,"column":15},"end":{"line":17,"column":43}},"4":{"start":{"line":18,"column":21},"end":{"line":18,"column":35}},"5":{"start":{"line":19,"column":2},"end":{"line":19,"column":49}},"6":{"start":{"line":20,"column":48},"end":{"line":20,"column":67}},"7":{"start":{"line":22,"column":2},"end":{"line":35,"column":22}},"8":{"start":{"line":23,"column":4},"end":{"line":34,"column":9}},"9":{"start":{"line":25,"column":38},"end":{"line":27,"column":9}},"10":{"start":{"line":26,"column":17},"end":{"line":26,"column":39}},"11":{"start":{"line":28,"column":8},"end":{"line":28,"column":45}},"12":{"start":{"line":29,"column":8},"end":{"line":29,"column":38}},"13":{"start":{"line":32,"column":8},"end":{"line":32,"column":14}},"14":{"start":{"line":33,"column":8},"end":{"line":33,"column":36}},"15":{"start":{"line":38,"column":4},"end":{"line":38,"column":25}},"16":{"start":{"line":39,"column":4},"end":{"line":39,"column":62}},"17":{"start":{"line":39,"column":57},"end":{"line":39,"column":60}},"18":{"start":{"line":41,"column":20},"end":{"line":41,"column":62}},"19":{"start":{"line":41,"column":50},"end":{"line":41,"column":61}},"20":{"start":{"line":42,"column":4},"end":{"line":42,"column":34}},"21":{"start":{"line":65,"column":2},"end":{"line":125,"column":4}},"22":{"start":{"line":80,"column":36},"end":{"line":92,"column":14}},"23":{"start":{"line":81,"column":14},"end":{"line":91,"column":16}},"24":{"start":{"line":93,"column":12},"end":{"line":118,"column":14}},"25":{"start":{"line":114,"column":35},"end":{"line":114,"column":72}}},"fnMap":{"0":{"name":"Chef","decl":{"start":{"line":13,"column":9},"end":{"line":13,"column":13}},"loc":{"start":{"line":13,"column":16},"end":{"line":126,"column":1}},"line":13},"1":{"name":"(anonymous_1)","decl":{"start":{"line":22,"column":12},"end":{"line":22,"column":13}},"loc":{"start":{"line":22,"column":18},"end":{"line":35,"column":3}},"line":22},"2":{"name":"(anonymous_2)","decl":{"start":{"line":24,"column":12},"end":{"line":24,"column":13}},"loc":{"start":{"line":24,"column":21},"end":{"line":30,"column":7}},"line":24},"3":{"name":"(anonymous_3)","decl":{"start":{"line":26,"column":10},"end":{"line":26,"column":11}},"loc":{"start":{"line":26,"column":17},"end":{"line":26,"column":39}},"line":26},"4":{"name":"(anonymous_4)","decl":{"start":{"line":31,"column":13},"end":{"line":31,"column":14}},"loc":{"start":{"line":31,"column":24},"end":{"line":34,"column":7}},"line":31},"5":{"name":"confirmUpdate","decl":{"start":{"line":37,"column":11},"end":{"line":37,"column":24}},"loc":{"start":{"line":37,"column":37},"end":{"line":43,"column":3}},"line":37},"6":{"name":"(anonymous_6)","decl":{"start":{"line":39,"column":48},"end":{"line":39,"column":49}},"loc":{"start":{"line":39,"column":57},"end":{"line":39,"column":60}},"line":39},"7":{"name":"(anonymous_7)","decl":{"start":{"line":41,"column":43},"end":{"line":41,"column":44}},"loc":{"start":{"line":41,"column":50},"end":{"line":41,"column":61}},"line":41},"8":{"name":"(anonymous_8)","decl":{"start":{"line":79,"column":26},"end":{"line":79,"column":27}},"loc":{"start":{"line":79,"column":37},"end":{"line":119,"column":11}},"line":79},"9":{"name":"(anonymous_9)","decl":{"start":{"line":80,"column":55},"end":{"line":80,"column":56}},"loc":{"start":{"line":80,"column":62},"end":{"line":92,"column":13}},"line":80},"10":{"name":"(anonymous_10)","decl":{"start":{"line":114,"column":29},"end":{"line":114,"column":30}},"loc":{"start":{"line":114,"column":35},"end":{"line":114,"column":72}},"line":114}},"branchMap":{"0":{"loc":{"start":{"line":69,"column":7},"end":{"line":123,"column":14}},"type":"cond-expr","locations":[{"start":{"line":70,"column":8},"end":{"line":70,"column":54}},{"start":{"line":71,"column":10},"end":{"line":123,"column":14}}],"line":69},"1":{"loc":{"start":{"line":71,"column":10},"end":{"line":123,"column":14}},"type":"cond-expr","locations":[{"start":{"line":72,"column":8},"end":{"line":72,"column":66}},{"start":{"line":73,"column":10},"end":{"line":123,"column":14}}],"line":71},"2":{"loc":{"start":{"line":71,"column":10},"end":{"line":71,"column":66}},"type":"binary-expr","locations":[{"start":{"line":71,"column":10},"end":{"line":71,"column":39}},{"start":{"line":71,"column":43},"end":{"line":71,"column":66}}],"line":71},"3":{"loc":{"start":{"line":73,"column":10},"end":{"line":123,"column":14}},"type":"cond-expr","locations":[{"start":{"line":74,"column":8},"end":{"line":120,"column":14}},{"start":{"line":121,"column":10},"end":{"line":123,"column":14}}],"line":73},"4":{"loc":{"start":{"line":121,"column":10},"end":{"line":123,"column":14}},"type":"cond-expr","locations":[{"start":{"line":122,"column":8},"end":{"line":122,"column":61}},{"start":{"line":123,"column":10},"end":{"line":123,"column":14}}],"line":121}},"s":{"0":7,"1":7,"2":7,"3":7,"4":7,"5":7,"6":7,"7":7,"8":3,"9":2,"10":2,"11":2,"12":2,"13":1,"14":1,"15":1,"16":1,"17":1,"18":1,"19":1,"20":1,"21":7,"22":2,"23":2,"24":2,"25":1},"f":{"0":7,"1":3,"2":2,"3":2,"4":1,"5":1,"6":1,"7":1,"8":2,"9":2,"10":1},"b":{"0":[3,4],"1":[1,3],"2":[4,3],"3":[2,1],"4":[1,0]},"_coverageSchema":"1a1c01bbd47fc00a2c39e90264f33305004495a9","hash":"a48719d69da663ac9be7cf3fd18e803ab50ef253"}
,"C:\\Users\\Marle\\OneDrive\\Escritorio\\BurgerQueen\\DEV005-burger-queen-api-client\\burger-queen-fer-marlen\\src\\components\\Employees\\Employees.jsx": {"path":"C:\\Users\\Marle\\OneDrive\\Escritorio\\BurgerQueen\\DEV005-burger-queen-api-client\\burger-queen-fer-marlen\\src\\components\\Employees\\Employees.jsx","statementMap":{"0":{"start":{"line":20,"column":15},"end":{"line":20,"column":49}},"1":{"start":{"line":21,"column":16},"end":{"line":21,"column":45}},"2":{"start":{"line":22,"column":24},"end":{"line":22,"column":41}},"3":{"start":{"line":23,"column":34},"end":{"line":23,"column":46}},"4":{"start":{"line":24,"column":36},"end":{"line":24,"column":51}},"5":{"start":{"line":25,"column":44},"end":{"line":25,"column":59}},"6":{"start":{"line":26,"column":40},"end":{"line":26,"column":55}},"7":{"start":{"line":27,"column":33},"end":{"line":27,"column":43}},"8":{"start":{"line":28,"column":34},"end":{"line":28,"column":44}},"9":{"start":{"line":29,"column":19},"end":{"line":29,"column":32}},"10":{"start":{"line":30,"column":54},"end":{"line":30,"column":73}},"11":{"start":{"line":33,"column":4},"end":{"line":33,"column":39}},"12":{"start":{"line":35,"column":22},"end":{"line":37,"column":3}},"13":{"start":{"line":36,"column":4},"end":{"line":36,"column":29}},"14":{"start":{"line":39,"column":28},"end":{"line":42,"column":3}},"15":{"start":{"line":40,"column":4},"end":{"line":40,"column":37}},"16":{"start":{"line":41,"column":4},"end":{"line":41,"column":18}},"17":{"start":{"line":43,"column":26},"end":{"line":46,"column":3}},"18":{"start":{"line":44,"column":4},"end":{"line":44,"column":33}},"19":{"start":{"line":45,"column":4},"end":{"line":45,"column":18}},"20":{"start":{"line":47,"column":2},"end":{"line":56,"column":65}},"21":{"start":{"line":48,"column":4},"end":{"line":55,"column":6}},"22":{"start":{"line":49,"column":6},"end":{"line":49,"column":23}},"23":{"start":{"line":50,"column":6},"end":{"line":50,"column":39}},"24":{"start":{"line":53,"column":6},"end":{"line":53,"column":11}},"25":{"start":{"line":54,"column":6},"end":{"line":54,"column":36}},"26":{"start":{"line":58,"column":2},"end":{"line":134,"column":4}},"27":{"start":{"line":105,"column":24},"end":{"line":105,"column":43}},"28":{"start":{"line":106,"column":10},"end":{"line":127,"column":12}},"29":{"start":{"line":117,"column":35},"end":{"line":117,"column":55}},"30":{"start":{"line":120,"column":35},"end":{"line":120,"column":60}}},"fnMap":{"0":{"name":"Employees","decl":{"start":{"line":19,"column":9},"end":{"line":19,"column":18}},"loc":{"start":{"line":19,"column":21},"end":{"line":135,"column":1}},"line":19},"1":{"name":"goProducts","decl":{"start":{"line":32,"column":11},"end":{"line":32,"column":21}},"loc":{"start":{"line":32,"column":24},"end":{"line":34,"column":3}},"line":32},"2":{"name":"(anonymous_2)","decl":{"start":{"line":35,"column":22},"end":{"line":35,"column":23}},"loc":{"start":{"line":35,"column":28},"end":{"line":37,"column":3}},"line":35},"3":{"name":"(anonymous_3)","decl":{"start":{"line":39,"column":28},"end":{"line":39,"column":29}},"loc":{"start":{"line":39,"column":36},"end":{"line":42,"column":3}},"line":39},"4":{"name":"(anonymous_4)","decl":{"start":{"line":43,"column":26},"end":{"line":43,"column":27}},"loc":{"start":{"line":43,"column":36},"end":{"line":46,"column":3}},"line":43},"5":{"name":"(anonymous_5)","decl":{"start":{"line":47,"column":12},"end":{"line":47,"column":13}},"loc":{"start":{"line":47,"column":18},"end":{"line":56,"column":3}},"line":47},"6":{"name":"(anonymous_6)","decl":{"start":{"line":48,"column":37},"end":{"line":48,"column":38}},"loc":{"start":{"line":48,"column":46},"end":{"line":51,"column":5}},"line":48},"7":{"name":"(anonymous_7)","decl":{"start":{"line":52,"column":11},"end":{"line":52,"column":12}},"loc":{"start":{"line":52,"column":22},"end":{"line":55,"column":5}},"line":52},"8":{"name":"(anonymous_8)","decl":{"start":{"line":104,"column":22},"end":{"line":104,"column":23}},"loc":{"start":{"line":104,"column":31},"end":{"line":128,"column":9}},"line":104},"9":{"name":"(anonymous_9)","decl":{"start":{"line":117,"column":29},"end":{"line":117,"column":30}},"loc":{"start":{"line":117,"column":35},"end":{"line":117,"column":55}},"line":117},"10":{"name":"(anonymous_10)","decl":{"start":{"line":120,"column":29},"end":{"line":120,"column":30}},"loc":{"start":{"line":120,"column":35},"end":{"line":120,"column":60}},"line":120}},"branchMap":{"0":{"loc":{"start":{"line":60,"column":7},"end":{"line":60,"column":51}},"type":"binary-expr","locations":[{"start":{"line":60,"column":7},"end":{"line":60,"column":16}},{"start":{"line":60,"column":20},"end":{"line":60,"column":51}}],"line":60},"1":{"loc":{"start":{"line":61,"column":7},"end":{"line":68,"column":7}},"type":"binary-expr","locations":[{"start":{"line":61,"column":7},"end":{"line":61,"column":22}},{"start":{"line":62,"column":8},"end":{"line":67,"column":10}}],"line":61},"2":{"loc":{"start":{"line":69,"column":7},"end":{"line":75,"column":7}},"type":"binary-expr","locations":[{"start":{"line":69,"column":7},"end":{"line":69,"column":20}},{"start":{"line":70,"column":8},"end":{"line":74,"column":10}}],"line":69},"3":{"loc":{"start":{"line":93,"column":7},"end":{"line":132,"column":11}},"type":"cond-expr","locations":[{"start":{"line":94,"column":8},"end":{"line":94,"column":57}},{"start":{"line":95,"column":9},"end":{"line":132,"column":11}}],"line":93},"4":{"loc":{"start":{"line":95,"column":9},"end":{"line":132,"column":11}},"type":"cond-expr","locations":[{"start":{"line":95,"column":47},"end":{"line":130,"column":10}},{"start":{"line":130,"column":14},"end":{"line":132,"column":11}}],"line":95},"5":{"loc":{"start":{"line":130,"column":14},"end":{"line":132,"column":11}},"type":"cond-expr","locations":[{"start":{"line":131,"column":6},"end":{"line":131,"column":62}},{"start":{"line":132,"column":7},"end":{"line":132,"column":11}}],"line":130}},"s":{"0":11,"1":11,"2":11,"3":11,"4":11,"5":11,"6":11,"7":11,"8":11,"9":11,"10":11,"11":1,"12":11,"13":1,"14":11,"15":1,"16":1,"17":11,"18":1,"19":1,"20":11,"21":7,"22":7,"23":7,"24":0,"25":0,"26":11,"27":14,"28":14,"29":1,"30":1},"f":{"0":11,"1":1,"2":1,"3":1,"4":1,"5":7,"6":7,"7":0,"8":14,"9":1,"10":1},"b":{"0":[11,1],"1":[11,1],"2":[11,1],"3":[4,7],"4":[7,0],"5":[0,0]},"_coverageSchema":"1a1c01bbd47fc00a2c39e90264f33305004495a9","hash":"f91e51391976c001ed304128fc3cf6ab7216123b"}
,"C:\\Users\\Marle\\OneDrive\\Escritorio\\BurgerQueen\\DEV005-burger-queen-api-client\\burger-queen-fer-marlen\\src\\components\\Footer\\Footer.jsx": {"path":"C:\\Users\\Marle\\OneDrive\\Escritorio\\BurgerQueen\\DEV005-burger-queen-api-client\\burger-queen-fer-marlen\\src\\components\\Footer\\Footer.jsx","statementMap":{"0":{"start":{"line":2,"column":2},"end":{"line":8,"column":4}}},"fnMap":{"0":{"name":"Footer","decl":{"start":{"line":1,"column":9},"end":{"line":1,"column":15}},"loc":{"start":{"line":1,"column":18},"end":{"line":9,"column":1}},"line":1}},"branchMap":{},"s":{"0":30},"f":{"0":30},"b":{},"_coverageSchema":"1a1c01bbd47fc00a2c39e90264f33305004495a9","hash":"4bd309644cc01f5e7dea3259d73f55c5088f8ade"}
,"C:\\Users\\Marle\\OneDrive\\Escritorio\\BurgerQueen\\DEV005-burger-queen-api-client\\burger-queen-fer-marlen\\src\\components\\Header\\Header.jsx": {"path":"C:\\Users\\Marle\\OneDrive\\Escritorio\\BurgerQueen\\DEV005-burger-queen-api-client\\burger-queen-fer-marlen\\src\\components\\Header\\Header.jsx","statementMap":{"0":{"start":{"line":9,"column":19},"end":{"line":9,"column":32}},"1":{"start":{"line":12,"column":4},"end":{"line":12,"column":25}},"2":{"start":{"line":15,"column":2},"end":{"line":29,"column":4}}},"fnMap":{"0":{"name":"Header","decl":{"start":{"line":8,"column":9},"end":{"line":8,"column":15}},"loc":{"start":{"line":8,"column":32},"end":{"line":30,"column":1}},"line":8},"1":{"name":"logout","decl":{"start":{"line":11,"column":11},"end":{"line":11,"column":17}},"loc":{"start":{"line":11,"column":20},"end":{"line":13,"column":3}},"line":11}},"branchMap":{},"s":{"0":83,"1":2,"2":83},"f":{"0":83,"1":2},"b":{},"_coverageSchema":"1a1c01bbd47fc00a2c39e90264f33305004495a9","hash":"565cd56ca5cd2b5545847a30c7d9586365188d57"}
,"C:\\Users\\Marle\\OneDrive\\Escritorio\\BurgerQueen\\DEV005-burger-queen-api-client\\burger-queen-fer-marlen\\src\\components\\Home\\Home.jsx": {"path":"C:\\Users\\Marle\\OneDrive\\Escritorio\\BurgerQueen\\DEV005-burger-queen-api-client\\burger-queen-fer-marlen\\src\\components\\Home\\Home.jsx","statementMap":{"0":{"start":{"line":16,"column":19},"end":{"line":16,"column":32}},"1":{"start":{"line":18,"column":33},"end":{"line":18,"column":45}},"2":{"start":{"line":19,"column":29},"end":{"line":19,"column":41}},"3":{"start":{"line":20,"column":26},"end":{"line":20,"column":38}},"4":{"start":{"line":22,"column":16},"end":{"line":44,"column":3}},"5":{"start":{"line":23,"column":4},"end":{"line":43,"column":9}},"6":{"start":{"line":25,"column":8},"end":{"line":32,"column":9}},"7":{"start":{"line":27,"column":10},"end":{"line":27,"column":29}},"8":{"start":{"line":28,"column":15},"end":{"line":32,"column":9}},"9":{"start":{"line":29,"column":10},"end":{"line":29,"column":30}},"10":{"start":{"line":30,"column":15},"end":{"line":32,"column":9}},"11":{"start":{"line":31,"column":10},"end":{"line":31,"column":28}},"12":{"start":{"line":33,"column":8},"end":{"line":33,"column":55}},"13":{"start":{"line":34,"column":8},"end":{"line":34,"column":53}},"14":{"start":{"line":38,"column":8},"end":{"line":42,"column":10}},"15":{"start":{"line":48,"column":4},"end":{"line":48,"column":23}},"16":{"start":{"line":50,"column":4},"end":{"line":50,"column":12}},"17":{"start":{"line":53,"column":2},"end":{"line":94,"column":4}},"18":{"start":{"line":69,"column":29},"end":{"line":69,"column":53}},"19":{"start":{"line":81,"column":29},"end":{"line":81,"column":51}}},"fnMap":{"0":{"name":"Home","decl":{"start":{"line":15,"column":9},"end":{"line":15,"column":13}},"loc":{"start":{"line":15,"column":16},"end":{"line":95,"column":1}},"line":15},"1":{"name":"(anonymous_1)","decl":{"start":{"line":22,"column":16},"end":{"line":22,"column":17}},"loc":{"start":{"line":22,"column":22},"end":{"line":44,"column":3}},"line":22},"2":{"name":"(anonymous_2)","decl":{"start":{"line":24,"column":12},"end":{"line":24,"column":13}},"loc":{"start":{"line":24,"column":21},"end":{"line":35,"column":7}},"line":24},"3":{"name":"(anonymous_3)","decl":{"start":{"line":36,"column":13},"end":{"line":36,"column":14}},"loc":{"start":{"line":36,"column":22},"end":{"line":43,"column":7}},"line":36},"4":{"name":"handleSubmit","decl":{"start":{"line":46,"column":11},"end":{"line":46,"column":23}},"loc":{"start":{"line":46,"column":27},"end":{"line":51,"column":3}},"line":46},"5":{"name":"(anonymous_5)","decl":{"start":{"line":69,"column":22},"end":{"line":69,"column":23}},"loc":{"start":{"line":69,"column":29},"end":{"line":69,"column":53}},"line":69},"6":{"name":"(anonymous_6)","decl":{"start":{"line":81,"column":22},"end":{"line":81,"column":23}},"loc":{"start":{"line":81,"column":29},"end":{"line":81,"column":51}},"line":81}},"branchMap":{"0":{"loc":{"start":{"line":25,"column":8},"end":{"line":32,"column":9}},"type":"if","locations":[{"start":{"line":25,"column":8},"end":{"line":32,"column":9}},{"start":{"line":28,"column":15},"end":{"line":32,"column":9}}],"line":25},"1":{"loc":{"start":{"line":28,"column":15},"end":{"line":32,"column":9}},"type":"if","locations":[{"start":{"line":28,"column":15},"end":{"line":32,"column":9}},{"start":{"line":30,"column":15},"end":{"line":32,"column":9}}],"line":28},"2":{"loc":{"start":{"line":30,"column":15},"end":{"line":32,"column":9}},"type":"if","locations":[{"start":{"line":30,"column":15},"end":{"line":32,"column":9}},{"start":{},"end":{}}],"line":30},"3":{"loc":{"start":{"line":83,"column":11},"end":{"line":83,"column":60}},"type":"binary-expr","locations":[{"start":{"line":83,"column":11},"end":{"line":83,"column":15}},{"start":{"line":83,"column":19},"end":{"line":83,"column":60}}],"line":83}},"s":{"0":6,"1":6,"2":6,"3":6,"4":6,"5":2,"6":2,"7":2,"8":0,"9":0,"10":0,"11":0,"12":1,"13":1,"14":1,"15":2,"16":2,"17":6,"18":2,"19":1},"f":{"0":6,"1":2,"2":2,"3":1,"4":2,"5":2,"6":1},"b":{"0":[2,0],"1":[0,0],"2":[0,0],"3":[6,1]},"_coverageSchema":"1a1c01bbd47fc00a2c39e90264f33305004495a9","hash":"e7983b36a377c534a86baa930bcff81f90f772bc"}
,"C:\\Users\\Marle\\OneDrive\\Escritorio\\BurgerQueen\\DEV005-burger-queen-api-client\\burger-queen-fer-marlen\\src\\components\\Input\\Input.jsx": {"path":"C:\\Users\\Marle\\OneDrive\\Escritorio\\BurgerQueen\\DEV005-burger-queen-api-client\\burger-queen-fer-marlen\\src\\components\\Input\\Input.jsx","statementMap":{"0":{"start":{"line":12,"column":2},"end":{"line":26,"column":4}}},"fnMap":{"0":{"name":"Input","decl":{"start":{"line":3,"column":9},"end":{"line":3,"column":14}},"loc":{"start":{"line":11,"column":3},"end":{"line":27,"column":1}},"line":11}},"branchMap":{"0":{"loc":{"start":{"line":21,"column":17},"end":{"line":21,"column":28}},"type":"binary-expr","locations":[{"start":{"line":21,"column":17},"end":{"line":21,"column":22}},{"start":{"line":21,"column":26},"end":{"line":21,"column":28}}],"line":21}},"s":{"0":204},"f":{"0":204},"b":{"0":[204,87]},"_coverageSchema":"1a1c01bbd47fc00a2c39e90264f33305004495a9","hash":"393be87e120798aa89c0873c44b4e78445f79ebd"}
,"C:\\Users\\Marle\\OneDrive\\Escritorio\\BurgerQueen\\DEV005-burger-queen-api-client\\burger-queen-fer-marlen\\src\\components\\Modal\\Modal.jsx": {"path":"C:\\Users\\Marle\\OneDrive\\Escritorio\\BurgerQueen\\DEV005-burger-queen-api-client\\burger-queen-fer-marlen\\src\\components\\Modal\\Modal.jsx","statementMap":{"0":{"start":{"line":8,"column":32},"end":{"line":8,"column":44}},"1":{"start":{"line":9,"column":32},"end":{"line":9,"column":44}},"2":{"start":{"line":10,"column":19},"end":{"line":14,"column":3}},"3":{"start":{"line":15,"column":32},"end":{"line":15,"column":58}},"4":{"start":{"line":17,"column":19},"end":{"line":21,"column":3}},"5":{"start":{"line":18,"column":4},"end":{"line":20,"column":7}},"6":{"start":{"line":19,"column":6},"end":{"line":19,"column":16}},"7":{"start":{"line":23,"column":2},"end":{"line":77,"column":4}},"8":{"start":{"line":39,"column":33},"end":{"line":39,"column":59}},"9":{"start":{"line":50,"column":33},"end":{"line":50,"column":59}},"10":{"start":{"line":54,"column":14},"end":{"line":69,"column":16}},"11":{"start":{"line":63,"column":26},"end":{"line":63,"column":45}}},"fnMap":{"0":{"name":"Modal","decl":{"start":{"line":7,"column":9},"end":{"line":7,"column":14}},"loc":{"start":{"line":7,"column":28},"end":{"line":78,"column":1}},"line":7},"1":{"name":"(anonymous_1)","decl":{"start":{"line":17,"column":19},"end":{"line":17,"column":20}},"loc":{"start":{"line":17,"column":25},"end":{"line":21,"column":3}},"line":17},"2":{"name":"(anonymous_2)","decl":{"start":{"line":18,"column":54},"end":{"line":18,"column":55}},"loc":{"start":{"line":18,"column":60},"end":{"line":20,"column":5}},"line":18},"3":{"name":"(anonymous_3)","decl":{"start":{"line":39,"column":26},"end":{"line":39,"column":27}},"loc":{"start":{"line":39,"column":33},"end":{"line":39,"column":59}},"line":39},"4":{"name":"(anonymous_4)","decl":{"start":{"line":50,"column":26},"end":{"line":50,"column":27}},"loc":{"start":{"line":50,"column":33},"end":{"line":50,"column":59}},"line":50},"5":{"name":"(anonymous_5)","decl":{"start":{"line":53,"column":26},"end":{"line":53,"column":27}},"loc":{"start":{"line":53,"column":33},"end":{"line":70,"column":13}},"line":53},"6":{"name":"(anonymous_6)","decl":{"start":{"line":62,"column":34},"end":{"line":62,"column":35}},"loc":{"start":{"line":62,"column":40},"end":{"line":64,"column":25}},"line":62}},"branchMap":{},"s":{"0":9,"1":9,"2":9,"3":9,"4":9,"5":1,"6":1,"7":9,"8":2,"9":2,"10":27,"11":1},"f":{"0":9,"1":1,"2":1,"3":2,"4":2,"5":27,"6":1},"b":{},"_coverageSchema":"1a1c01bbd47fc00a2c39e90264f33305004495a9","hash":"b46dd4b0f58a7b83d003aa40453257e5c1cedaf3"}
,"C:\\Users\\Marle\\OneDrive\\Escritorio\\BurgerQueen\\DEV005-burger-queen-api-client\\burger-queen-fer-marlen\\src\\components\\ModalDelete\\ModalDelete.jsx": {"path":"C:\\Users\\Marle\\OneDrive\\Escritorio\\BurgerQueen\\DEV005-burger-queen-api-client\\burger-queen-fer-marlen\\src\\components\\ModalDelete\\ModalDelete.jsx","statementMap":{"0":{"start":{"line":7,"column":16},"end":{"line":7,"column":45}},"1":{"start":{"line":8,"column":24},"end":{"line":8,"column":41}},"2":{"start":{"line":11,"column":4},"end":{"line":11,"column":19}},"3":{"start":{"line":14,"column":21},"end":{"line":32,"column":3}},"4":{"start":{"line":15,"column":4},"end":{"line":31,"column":5}},"5":{"start":{"line":16,"column":6},"end":{"line":22,"column":58}},"6":{"start":{"line":19,"column":10},"end":{"line":19,"column":13}},"7":{"start":{"line":20,"column":10},"end":{"line":20,"column":20}},"8":{"start":{"line":22,"column":24},"end":{"line":22,"column":27}},"9":{"start":{"line":23,"column":11},"end":{"line":31,"column":5}},"10":{"start":{"line":24,"column":6},"end":{"line":30,"column":58}},"11":{"start":{"line":26,"column":10},"end":{"line":26,"column":13}},"12":{"start":{"line":28,"column":10},"end":{"line":28,"column":20}},"13":{"start":{"line":30,"column":24},"end":{"line":30,"column":27}},"14":{"start":{"line":34,"column":2},"end":{"line":48,"column":4}}},"fnMap":{"0":{"name":"ModalDelete","decl":{"start":{"line":5,"column":9},"end":{"line":5,"column":20}},"loc":{"start":{"line":5,"column":57},"end":{"line":49,"column":1}},"line":5},"1":{"name":"confirm","decl":{"start":{"line":10,"column":11},"end":{"line":10,"column":18}},"loc":{"start":{"line":10,"column":21},"end":{"line":12,"column":3}},"line":10},"2":{"name":"(anonymous_2)","decl":{"start":{"line":14,"column":21},"end":{"line":14,"column":22}},"loc":{"start":{"line":14,"column":29},"end":{"line":32,"column":3}},"line":14},"3":{"name":"(anonymous_3)","decl":{"start":{"line":17,"column":14},"end":{"line":17,"column":15}},"loc":{"start":{"line":17,"column":23},"end":{"line":21,"column":9}},"line":17},"4":{"name":"(anonymous_4)","decl":{"start":{"line":22,"column":15},"end":{"line":22,"column":16}},"loc":{"start":{"line":22,"column":24},"end":{"line":22,"column":27}},"line":22},"5":{"name":"(anonymous_5)","decl":{"start":{"line":25,"column":14},"end":{"line":25,"column":15}},"loc":{"start":{"line":25,"column":23},"end":{"line":29,"column":9}},"line":25},"6":{"name":"(anonymous_6)","decl":{"start":{"line":30,"column":15},"end":{"line":30,"column":16}},"loc":{"start":{"line":30,"column":24},"end":{"line":30,"column":27}},"line":30}},"branchMap":{"0":{"loc":{"start":{"line":15,"column":4},"end":{"line":31,"column":5}},"type":"if","locations":[{"start":{"line":15,"column":4},"end":{"line":31,"column":5}},{"start":{"line":23,"column":11},"end":{"line":31,"column":5}}],"line":15},"1":{"loc":{"start":{"line":23,"column":11},"end":{"line":31,"column":5}},"type":"if","locations":[{"start":{"line":23,"column":11},"end":{"line":31,"column":5}},{"start":{},"end":{}}],"line":23}},"s":{"0":4,"1":4,"2":2,"3":4,"4":2,"5":1,"6":1,"7":1,"8":1,"9":1,"10":1,"11":1,"12":1,"13":1,"14":4},"f":{"0":4,"1":2,"2":2,"3":1,"4":1,"5":1,"6":1},"b":{"0":[1,1],"1":[1,0]},"_coverageSchema":"1a1c01bbd47fc00a2c39e90264f33305004495a9","hash":"816b2d4ad1d9d58784910bf1c051689d3d1f8ae9"}
,"C:\\Users\\Marle\\OneDrive\\Escritorio\\BurgerQueen\\DEV005-burger-queen-api-client\\burger-queen-fer-marlen\\src\\components\\ModalEdit\\ModalEdit.css": {"path":"C:\\Users\\Marle\\OneDrive\\Escritorio\\BurgerQueen\\DEV005-burger-queen-api-client\\burger-queen-fer-marlen\\src\\components\\ModalEdit\\ModalEdit.css","statementMap":{},"fnMap":{},"branchMap":{},"s":{},"f":{},"b":{},"inputSourceMap":null,"_coverageSchema":"1a1c01bbd47fc00a2c39e90264f33305004495a9","hash":"a92c01853a78813fa0ed71ee2927523cc2e91605"}
,"C:\\Users\\Marle\\OneDrive\\Escritorio\\BurgerQueen\\DEV005-burger-queen-api-client\\burger-queen-fer-marlen\\src\\components\\ModalEdit\\ModalEdit.jsx": {"path":"C:\\Users\\Marle\\OneDrive\\Escritorio\\BurgerQueen\\DEV005-burger-queen-api-client\\burger-queen-fer-marlen\\src\\components\\ModalEdit\\ModalEdit.jsx","statementMap":{"0":{"start":{"line":8,"column":34},"end":{"line":8,"column":58}},"1":{"start":{"line":9,"column":26},"end":{"line":9,"column":36}},"2":{"start":{"line":10,"column":26},"end":{"line":10,"column":49}},"3":{"start":{"line":12,"column":19},"end":{"line":16,"column":3}},"4":{"start":{"line":17,"column":18},"end":{"line":21,"column":3}},"5":{"start":{"line":18,"column":4},"end":{"line":19,"column":25}},"6":{"start":{"line":19,"column":21},"end":{"line":19,"column":24}},"7":{"start":{"line":20,"column":4},"end":{"line":20,"column":14}},"8":{"start":{"line":22,"column":2},"end":{"line":79,"column":4}},"9":{"start":{"line":38,"column":35},"end":{"line":38,"column":62}},"10":{"start":{"line":48,"column":35},"end":{"line":48,"column":58}},"11":{"start":{"line":54,"column":18},"end":{"line":68,"column":20}},"12":{"start":{"line":63,"column":28},"end":{"line":63,"column":44}}},"fnMap":{"0":{"name":"ModalEdit","decl":{"start":{"line":7,"column":9},"end":{"line":7,"column":18}},"loc":{"start":{"line":7,"column":49},"end":{"line":80,"column":1}},"line":7},"1":{"name":"(anonymous_1)","decl":{"start":{"line":17,"column":18},"end":{"line":17,"column":19}},"loc":{"start":{"line":17,"column":24},"end":{"line":21,"column":3}},"line":17},"2":{"name":"(anonymous_2)","decl":{"start":{"line":19,"column":12},"end":{"line":19,"column":13}},"loc":{"start":{"line":19,"column":21},"end":{"line":19,"column":24}},"line":19},"3":{"name":"(anonymous_3)","decl":{"start":{"line":38,"column":28},"end":{"line":38,"column":29}},"loc":{"start":{"line":38,"column":35},"end":{"line":38,"column":62}},"line":38},"4":{"name":"(anonymous_4)","decl":{"start":{"line":48,"column":28},"end":{"line":48,"column":29}},"loc":{"start":{"line":48,"column":35},"end":{"line":48,"column":58}},"line":48},"5":{"name":"(anonymous_5)","decl":{"start":{"line":52,"column":30},"end":{"line":52,"column":31}},"loc":{"start":{"line":52,"column":37},"end":{"line":69,"column":17}},"line":52},"6":{"name":"(anonymous_6)","decl":{"start":{"line":62,"column":36},"end":{"line":62,"column":37}},"loc":{"start":{"line":62,"column":42},"end":{"line":64,"column":27}},"line":62}},"branchMap":{},"s":{"0":6,"1":6,"2":6,"3":6,"4":6,"5":1,"6":1,"7":1,"8":6,"9":1,"10":1,"11":18,"12":1},"f":{"0":6,"1":1,"2":1,"3":1,"4":1,"5":18,"6":1},"b":{},"_coverageSchema":"1a1c01bbd47fc00a2c39e90264f33305004495a9","hash":"54503a298d8fcf6cebc817830fa1ee6484b57c98"}
,"C:\\Users\\Marle\\OneDrive\\Escritorio\\BurgerQueen\\DEV005-burger-queen-api-client\\burger-queen-fer-marlen\\src\\components\\ModalEditProduct\\ModalEditProduct.jsx": {"path":"C:\\Users\\Marle\\OneDrive\\Escritorio\\BurgerQueen\\DEV005-burger-queen-api-client\\burger-queen-fer-marlen\\src\\components\\ModalEditProduct\\ModalEditProduct.jsx","statementMap":{"0":{"start":{"line":9,"column":32},"end":{"line":9,"column":58}},"1":{"start":{"line":10,"column":28},"end":{"line":10,"column":55}},"2":{"start":{"line":11,"column":28},"end":{"line":11,"column":55}},"3":{"start":{"line":12,"column":26},"end":{"line":12,"column":52}},"4":{"start":{"line":14,"column":2},"end":{"line":19,"column":3}},"5":{"start":{"line":15,"column":4},"end":{"line":15,"column":19}},"6":{"start":{"line":16,"column":4},"end":{"line":16,"column":17}},"7":{"start":{"line":17,"column":4},"end":{"line":17,"column":17}},"8":{"start":{"line":18,"column":4},"end":{"line":18,"column":16}},"9":{"start":{"line":21,"column":19},"end":{"line":25,"column":3}},"10":{"start":{"line":27,"column":18},"end":{"line":36,"column":3}},"11":{"start":{"line":28,"column":4},"end":{"line":34,"column":5}},"12":{"start":{"line":29,"column":6},"end":{"line":30,"column":27}},"13":{"start":{"line":30,"column":23},"end":{"line":30,"column":26}},"14":{"start":{"line":32,"column":6},"end":{"line":33,"column":27}},"15":{"start":{"line":33,"column":23},"end":{"line":33,"column":26}},"16":{"start":{"line":35,"column":4},"end":{"line":35,"column":14}},"17":{"start":{"line":37,"column":2},"end":{"line":111,"column":4}},"18":{"start":{"line":53,"column":35},"end":{"line":53,"column":61}},"19":{"start":{"line":63,"column":35},"end":{"line":63,"column":59}},"20":{"start":{"line":79,"column":37},"end":{"line":79,"column":61}},"21":{"start":{"line":86,"column":18},"end":{"line":100,"column":20}},"22":{"start":{"line":95,"column":28},"end":{"line":95,"column":44}}},"fnMap":{"0":{"name":"ModalEditProduct","decl":{"start":{"line":8,"column":9},"end":{"line":8,"column":25}},"loc":{"start":{"line":8,"column":59},"end":{"line":112,"column":1}},"line":8},"1":{"name":"(anonymous_1)","decl":{"start":{"line":27,"column":18},"end":{"line":27,"column":19}},"loc":{"start":{"line":27,"column":24},"end":{"line":36,"column":3}},"line":27},"2":{"name":"(anonymous_2)","decl":{"start":{"line":30,"column":14},"end":{"line":30,"column":15}},"loc":{"start":{"line":30,"column":23},"end":{"line":30,"column":26}},"line":30},"3":{"name":"(anonymous_3)","decl":{"start":{"line":33,"column":14},"end":{"line":33,"column":15}},"loc":{"start":{"line":33,"column":23},"end":{"line":33,"column":26}},"line":33},"4":{"name":"(anonymous_4)","decl":{"start":{"line":53,"column":28},"end":{"line":53,"column":29}},"loc":{"start":{"line":53,"column":35},"end":{"line":53,"column":61}},"line":53},"5":{"name":"(anonymous_5)","decl":{"start":{"line":63,"column":28},"end":{"line":63,"column":29}},"loc":{"start":{"line":63,"column":35},"end":{"line":63,"column":59}},"line":63},"6":{"name":"(anonymous_6)","decl":{"start":{"line":79,"column":30},"end":{"line":79,"column":31}},"loc":{"start":{"line":79,"column":37},"end":{"line":79,"column":61}},"line":79},"7":{"name":"(anonymous_7)","decl":{"start":{"line":84,"column":30},"end":{"line":84,"column":31}},"loc":{"start":{"line":84,"column":37},"end":{"line":101,"column":17}},"line":84},"8":{"name":"(anonymous_8)","decl":{"start":{"line":94,"column":36},"end":{"line":94,"column":37}},"loc":{"start":{"line":94,"column":42},"end":{"line":96,"column":27}},"line":94}},"branchMap":{"0":{"loc":{"start":{"line":14,"column":2},"end":{"line":19,"column":3}},"type":"if","locations":[{"start":{"line":14,"column":2},"end":{"line":19,"column":3}},{"start":{},"end":{}}],"line":14},"1":{"loc":{"start":{"line":28,"column":4},"end":{"line":34,"column":5}},"type":"if","locations":[{"start":{"line":28,"column":4},"end":{"line":34,"column":5}},{"start":{"line":31,"column":11},"end":{"line":34,"column":5}}],"line":28}},"s":{"0":12,"1":12,"2":12,"3":12,"4":12,"5":0,"6":0,"7":0,"8":0,"9":12,"10":12,"11":2,"12":1,"13":1,"14":1,"15":1,"16":2,"17":12,"18":1,"19":1,"20":1,"21":36,"22":1},"f":{"0":12,"1":2,"2":1,"3":1,"4":1,"5":1,"6":1,"7":36,"8":1},"b":{"0":[0,12],"1":[1,1]},"_coverageSchema":"1a1c01bbd47fc00a2c39e90264f33305004495a9","hash":"f6574858298272c2acead3d494c7432b7eb18aa4"}
,"C:\\Users\\Marle\\OneDrive\\Escritorio\\BurgerQueen\\DEV005-burger-queen-api-client\\burger-queen-fer-marlen\\src\\components\\Orders\\Orders.jsx": {"path":"C:\\Users\\Marle\\OneDrive\\Escritorio\\BurgerQueen\\DEV005-burger-queen-api-client\\burger-queen-fer-marlen\\src\\components\\Orders\\Orders.jsx","statementMap":{"0":{"start":{"line":12,"column":19},"end":{"line":12,"column":32}},"1":{"start":{"line":13,"column":38},"end":{"line":13,"column":50}},"2":{"start":{"line":14,"column":16},"end":{"line":14,"column":45}},"3":{"start":{"line":15,"column":24},"end":{"line":15,"column":41}},"4":{"start":{"line":16,"column":15},"end":{"line":16,"column":43}},"5":{"start":{"line":17,"column":21},"end":{"line":17,"column":35}},"6":{"start":{"line":18,"column":2},"end":{"line":18,"column":49}},"7":{"start":{"line":19,"column":48},"end":{"line":19,"column":67}},"8":{"start":{"line":21,"column":2},"end":{"line":35,"column":22}},"9":{"start":{"line":22,"column":4},"end":{"line":34,"column":9}},"10":{"start":{"line":24,"column":8},"end":{"line":24,"column":25}},"11":{"start":{"line":25,"column":40},"end":{"line":27,"column":9}},"12":{"start":{"line":26,"column":17},"end":{"line":26,"column":41}},"13":{"start":{"line":28,"column":8},"end":{"line":28,"column":47}},"14":{"start":{"line":29,"column":8},"end":{"line":29,"column":38}},"15":{"start":{"line":32,"column":8},"end":{"line":32,"column":14}},"16":{"start":{"line":33,"column":8},"end":{"line":33,"column":36}},"17":{"start":{"line":38,"column":19},"end":{"line":38,"column":38}},"18":{"start":{"line":39,"column":16},"end":{"line":39,"column":39}},"19":{"start":{"line":40,"column":4},"end":{"line":40,"column":42}},"20":{"start":{"line":41,"column":15},"end":{"line":41,"column":27}},"21":{"start":{"line":43,"column":4},"end":{"line":43,"column":42}},"22":{"start":{"line":44,"column":4},"end":{"line":44,"column":53}},"23":{"start":{"line":45,"column":4},"end":{"line":45,"column":64}},"24":{"start":{"line":46,"column":4},"end":{"line":46,"column":42}},"25":{"start":{"line":47,"column":4},"end":{"line":47,"column":42}},"26":{"start":{"line":48,"column":4},"end":{"line":48,"column":42}},"27":{"start":{"line":50,"column":4},"end":{"line":50,"column":62}},"28":{"start":{"line":54,"column":4},"end":{"line":54,"column":24}},"29":{"start":{"line":58,"column":4},"end":{"line":58,"column":22}},"30":{"start":{"line":59,"column":4},"end":{"line":61,"column":6}},"31":{"start":{"line":60,"column":6},"end":{"line":60,"column":10}},"32":{"start":{"line":62,"column":4},"end":{"line":62,"column":33}},"33":{"start":{"line":63,"column":18},"end":{"line":63,"column":33}},"34":{"start":{"line":64,"column":4},"end":{"line":64,"column":49}},"35":{"start":{"line":64,"column":36},"end":{"line":64,"column":47}},"36":{"start":{"line":65,"column":4},"end":{"line":65,"column":27}},"37":{"start":{"line":88,"column":2},"end":{"line":150,"column":4}},"38":{"start":{"line":106,"column":36},"end":{"line":118,"column":14}},"39":{"start":{"line":107,"column":14},"end":{"line":117,"column":16}},"40":{"start":{"line":119,"column":12},"end":{"line":142,"column":14}},"41":{"start":{"line":138,"column":35},"end":{"line":138,"column":72}}},"fnMap":{"0":{"name":"Chef","decl":{"start":{"line":11,"column":9},"end":{"line":11,"column":13}},"loc":{"start":{"line":11,"column":16},"end":{"line":151,"column":1}},"line":11},"1":{"name":"(anonymous_1)","decl":{"start":{"line":21,"column":12},"end":{"line":21,"column":13}},"loc":{"start":{"line":21,"column":18},"end":{"line":35,"column":3}},"line":21},"2":{"name":"(anonymous_2)","decl":{"start":{"line":23,"column":12},"end":{"line":23,"column":13}},"loc":{"start":{"line":23,"column":21},"end":{"line":30,"column":7}},"line":23},"3":{"name":"(anonymous_3)","decl":{"start":{"line":26,"column":10},"end":{"line":26,"column":11}},"loc":{"start":{"line":26,"column":17},"end":{"line":26,"column":41}},"line":26},"4":{"name":"(anonymous_4)","decl":{"start":{"line":31,"column":13},"end":{"line":31,"column":14}},"loc":{"start":{"line":31,"column":24},"end":{"line":34,"column":7}},"line":31},"5":{"name":"getTime","decl":{"start":{"line":37,"column":11},"end":{"line":37,"column":18}},"loc":{"start":{"line":37,"column":45},"end":{"line":51,"column":3}},"line":37},"6":{"name":"goTakeOrder","decl":{"start":{"line":53,"column":11},"end":{"line":53,"column":22}},"loc":{"start":{"line":53,"column":25},"end":{"line":55,"column":3}},"line":53},"7":{"name":"deleteOrderId","decl":{"start":{"line":57,"column":11},"end":{"line":57,"column":24}},"loc":{"start":{"line":57,"column":37},"end":{"line":66,"column":3}},"line":57},"8":{"name":"(anonymous_8)","decl":{"start":{"line":59,"column":48},"end":{"line":59,"column":49}},"loc":{"start":{"line":59,"column":57},"end":{"line":61,"column":5}},"line":59},"9":{"name":"(anonymous_9)","decl":{"start":{"line":64,"column":29},"end":{"line":64,"column":30}},"loc":{"start":{"line":64,"column":36},"end":{"line":64,"column":47}},"line":64},"10":{"name":"(anonymous_10)","decl":{"start":{"line":105,"column":26},"end":{"line":105,"column":27}},"loc":{"start":{"line":105,"column":37},"end":{"line":143,"column":11}},"line":105},"11":{"name":"(anonymous_11)","decl":{"start":{"line":106,"column":55},"end":{"line":106,"column":56}},"loc":{"start":{"line":106,"column":62},"end":{"line":118,"column":13}},"line":106},"12":{"name":"(anonymous_12)","decl":{"start":{"line":138,"column":29},"end":{"line":138,"column":30}},"loc":{"start":{"line":138,"column":35},"end":{"line":138,"column":72}},"line":138}},"branchMap":{"0":{"loc":{"start":{"line":46,"column":4},"end":{"line":46,"column":41}},"type":"cond-expr","locations":[{"start":{"line":46,"column":14},"end":{"line":46,"column":25}},{"start":{"line":46,"column":30},"end":{"line":46,"column":40}}],"line":46},"1":{"loc":{"start":{"line":47,"column":4},"end":{"line":47,"column":41}},"type":"cond-expr","locations":[{"start":{"line":47,"column":14},"end":{"line":47,"column":25}},{"start":{"line":47,"column":30},"end":{"line":47,"column":40}}],"line":47},"2":{"loc":{"start":{"line":48,"column":4},"end":{"line":48,"column":41}},"type":"cond-expr","locations":[{"start":{"line":48,"column":14},"end":{"line":48,"column":25}},{"start":{"line":48,"column":30},"end":{"line":48,"column":40}}],"line":48},"3":{"loc":{"start":{"line":95,"column":7},"end":{"line":147,"column":14}},"type":"cond-expr","locations":[{"start":{"line":96,"column":8},"end":{"line":96,"column":54}},{"start":{"line":97,"column":10},"end":{"line":147,"column":14}}],"line":95},"4":{"loc":{"start":{"line":97,"column":10},"end":{"line":147,"column":14}},"type":"cond-expr","locations":[{"start":{"line":98,"column":8},"end":{"line":98,"column":66}},{"start":{"line":99,"column":10},"end":{"line":147,"column":14}}],"line":97},"5":{"loc":{"start":{"line":97,"column":10},"end":{"line":97,"column":66}},"type":"binary-expr","locations":[{"start":{"line":97,"column":10},"end":{"line":97,"column":39}},{"start":{"line":97,"column":43},"end":{"line":97,"column":66}}],"line":97},"6":{"loc":{"start":{"line":99,"column":10},"end":{"line":147,"column":14}},"type":"cond-expr","locations":[{"start":{"line":100,"column":8},"end":{"line":144,"column":14}},{"start":{"line":145,"column":10},"end":{"line":147,"column":14}}],"line":99},"7":{"loc":{"start":{"line":145,"column":10},"end":{"line":147,"column":14}},"type":"cond-expr","locations":[{"start":{"line":146,"column":8},"end":{"line":146,"column":61}},{"start":{"line":147,"column":10},"end":{"line":147,"column":14}}],"line":145}},"s":{"0":7,"1":7,"2":7,"3":7,"4":7,"5":7,"6":7,"7":7,"8":7,"9":3,"10":2,"11":2,"12":2,"13":2,"14":2,"15":1,"16":1,"17":2,"18":2,"19":2,"20":2,"21":2,"22":2,"23":2,"24":2,"25":2,"26":2,"27":2,"28":0,"29":1,"30":1,"31":1,"32":1,"33":1,"34":1,"35":1,"36":1,"37":7,"38":2,"39":2,"40":2,"41":1},"f":{"0":7,"1":3,"2":2,"3":2,"4":1,"5":2,"6":0,"7":1,"8":1,"9":1,"10":2,"11":2,"12":1},"b":{"0":[2,0],"1":[2,0],"2":[2,0],"3":[3,4],"4":[1,3],"5":[4,3],"6":[2,1],"7":[1,0]},"_coverageSchema":"1a1c01bbd47fc00a2c39e90264f33305004495a9","hash":"77881c6655559539b33f331665b51be716b43a85"}
,"C:\\Users\\Marle\\OneDrive\\Escritorio\\BurgerQueen\\DEV005-burger-queen-api-client\\burger-queen-fer-marlen\\src\\components\\Products\\Products.jsx": {"path":"C:\\Users\\Marle\\OneDrive\\Escritorio\\BurgerQueen\\DEV005-burger-queen-api-client\\burger-queen-fer-marlen\\src\\components\\Products\\Products.jsx","statementMap":{"0":{"start":{"line":19,"column":19},"end":{"line":19,"column":32}},"1":{"start":{"line":20,"column":42},"end":{"line":20,"column":54}},"2":{"start":{"line":21,"column":16},"end":{"line":21,"column":45}},"3":{"start":{"line":22,"column":24},"end":{"line":22,"column":41}},"4":{"start":{"line":23,"column":15},"end":{"line":23,"column":49}},"5":{"start":{"line":24,"column":51},"end":{"line":24,"column":66}},"6":{"start":{"line":25,"column":44},"end":{"line":25,"column":59}},"7":{"start":{"line":26,"column":39},"end":{"line":26,"column":49}},"8":{"start":{"line":27,"column":37},"end":{"line":27,"column":47}},"9":{"start":{"line":28,"column":44},"end":{"line":28,"column":56}},"10":{"start":{"line":30,"column":2},"end":{"line":35,"column":61}},"11":{"start":{"line":31,"column":4},"end":{"line":34,"column":7}},"12":{"start":{"line":33,"column":6},"end":{"line":33,"column":27}},"13":{"start":{"line":38,"column":4},"end":{"line":38,"column":33}},"14":{"start":{"line":41,"column":26},"end":{"line":48,"column":3}},"15":{"start":{"line":42,"column":4},"end":{"line":42,"column":44}},"16":{"start":{"line":43,"column":4},"end":{"line":47,"column":5}},"17":{"start":{"line":44,"column":6},"end":{"line":44,"column":21}},"18":{"start":{"line":46,"column":6},"end":{"line":46,"column":26}},"19":{"start":{"line":50,"column":28},"end":{"line":53,"column":3}},"20":{"start":{"line":51,"column":4},"end":{"line":51,"column":37}},"21":{"start":{"line":52,"column":4},"end":{"line":52,"column":18}},"22":{"start":{"line":56,"column":4},"end":{"line":62,"column":5}},"23":{"start":{"line":58,"column":6},"end":{"line":58,"column":71}},"24":{"start":{"line":58,"column":54},"end":{"line":58,"column":68}},"25":{"start":{"line":61,"column":6},"end":{"line":61,"column":50}},"26":{"start":{"line":65,"column":2},"end":{"line":182,"column":4}},"27":{"start":{"line":106,"column":29},"end":{"line":106,"column":51}},"28":{"start":{"line":117,"column":29},"end":{"line":117,"column":51}},"29":{"start":{"line":127,"column":29},"end":{"line":127,"column":51}},"30":{"start":{"line":145,"column":14},"end":{"line":147,"column":54}},"31":{"start":{"line":150,"column":14},"end":{"line":177,"column":16}},"32":{"start":{"line":166,"column":39},"end":{"line":166,"column":59}},"33":{"start":{"line":170,"column":39},"end":{"line":170,"column":64}}},"fnMap":{"0":{"name":"Products","decl":{"start":{"line":18,"column":9},"end":{"line":18,"column":17}},"loc":{"start":{"line":18,"column":20},"end":{"line":183,"column":1}},"line":18},"1":{"name":"(anonymous_1)","decl":{"start":{"line":30,"column":12},"end":{"line":30,"column":13}},"loc":{"start":{"line":30,"column":18},"end":{"line":35,"column":3}},"line":30},"2":{"name":"(anonymous_2)","decl":{"start":{"line":31,"column":36},"end":{"line":31,"column":37}},"loc":{"start":{"line":31,"column":45},"end":{"line":34,"column":5}},"line":31},"3":{"name":"navigateEmploye","decl":{"start":{"line":37,"column":11},"end":{"line":37,"column":26}},"loc":{"start":{"line":37,"column":29},"end":{"line":39,"column":3}},"line":37},"4":{"name":"(anonymous_4)","decl":{"start":{"line":41,"column":26},"end":{"line":41,"column":27}},"loc":{"start":{"line":41,"column":39},"end":{"line":48,"column":3}},"line":41},"5":{"name":"(anonymous_5)","decl":{"start":{"line":50,"column":28},"end":{"line":50,"column":29}},"loc":{"start":{"line":50,"column":36},"end":{"line":53,"column":3}},"line":50},"6":{"name":"filter","decl":{"start":{"line":55,"column":11},"end":{"line":55,"column":17}},"loc":{"start":{"line":55,"column":25},"end":{"line":63,"column":3}},"line":55},"7":{"name":"(anonymous_7)","decl":{"start":{"line":58,"column":44},"end":{"line":58,"column":45}},"loc":{"start":{"line":58,"column":54},"end":{"line":58,"column":68}},"line":58},"8":{"name":"(anonymous_8)","decl":{"start":{"line":106,"column":22},"end":{"line":106,"column":23}},"loc":{"start":{"line":106,"column":29},"end":{"line":106,"column":51}},"line":106},"9":{"name":"(anonymous_9)","decl":{"start":{"line":117,"column":22},"end":{"line":117,"column":23}},"loc":{"start":{"line":117,"column":29},"end":{"line":117,"column":51}},"line":117},"10":{"name":"(anonymous_10)","decl":{"start":{"line":127,"column":22},"end":{"line":127,"column":23}},"loc":{"start":{"line":127,"column":29},"end":{"line":127,"column":51}},"line":127},"11":{"name":"(anonymous_11)","decl":{"start":{"line":144,"column":20},"end":{"line":144,"column":21}},"loc":{"start":{"line":145,"column":14},"end":{"line":147,"column":54}},"line":145},"12":{"name":"(anonymous_12)","decl":{"start":{"line":149,"column":17},"end":{"line":149,"column":18}},"loc":{"start":{"line":149,"column":26},"end":{"line":178,"column":13}},"line":149},"13":{"name":"(anonymous_13)","decl":{"start":{"line":166,"column":33},"end":{"line":166,"column":34}},"loc":{"start":{"line":166,"column":39},"end":{"line":166,"column":59}},"line":166},"14":{"name":"(anonymous_14)","decl":{"start":{"line":170,"column":33},"end":{"line":170,"column":34}},"loc":{"start":{"line":170,"column":39},"end":{"line":170,"column":64}},"line":170}},"branchMap":{"0":{"loc":{"start":{"line":43,"column":4},"end":{"line":47,"column":5}},"type":"if","locations":[{"start":{"line":43,"column":4},"end":{"line":47,"column":5}},{"start":{"line":45,"column":11},"end":{"line":47,"column":5}}],"line":43},"1":{"loc":{"start":{"line":56,"column":4},"end":{"line":62,"column":5}},"type":"if","locations":[{"start":{"line":56,"column":4},"end":{"line":62,"column":5}},{"start":{"line":59,"column":11},"end":{"line":62,"column":5}}],"line":56},"2":{"loc":{"start":{"line":67,"column":7},"end":{"line":73,"column":7}},"type":"binary-expr","locations":[{"start":{"line":67,"column":7},"end":{"line":67,"column":27}},{"start":{"line":68,"column":8},"end":{"line":72,"column":10}}],"line":67},"3":{"loc":{"start":{"line":74,"column":7},"end":{"line":81,"column":7}},"type":"binary-expr","locations":[{"start":{"line":74,"column":7},"end":{"line":74,"column":22}},{"start":{"line":75,"column":8},"end":{"line":80,"column":10}}],"line":74},"4":{"loc":{"start":{"line":145,"column":14},"end":{"line":147,"column":54}},"type":"cond-expr","locations":[{"start":{"line":146,"column":18},"end":{"line":146,"column":22}},{"start":{"line":147,"column":18},"end":{"line":147,"column":54}}],"line":145}},"s":{"0":22,"1":22,"2":22,"3":22,"4":22,"5":22,"6":22,"7":22,"8":22,"9":22,"10":22,"11":10,"12":10,"13":1,"14":22,"15":2,"16":2,"17":0,"18":2,"19":22,"20":1,"21":1,"22":5,"23":2,"24":3,"25":3,"26":22,"27":2,"28":1,"29":2,"30":15,"31":13,"32":1,"33":1},"f":{"0":22,"1":10,"2":10,"3":1,"4":2,"5":1,"6":5,"7":3,"8":2,"9":1,"10":2,"11":15,"12":13,"13":1,"14":1},"b":{"0":[0,2],"1":[2,3],"2":[22,2],"3":[22,1],"4":[11,4]},"_coverageSchema":"1a1c01bbd47fc00a2c39e90264f33305004495a9","hash":"262fe43fe8309a49d2e3df00defc6c685b60afa6"}
,"C:\\Users\\Marle\\OneDrive\\Escritorio\\BurgerQueen\\DEV005-burger-queen-api-client\\burger-queen-fer-marlen\\src\\components\\Timer\\Timer.jsx": {"path":"C:\\Users\\Marle\\OneDrive\\Escritorio\\BurgerQueen\\DEV005-burger-queen-api-client\\burger-queen-fer-marlen\\src\\components\\Timer\\Timer.jsx","statementMap":{"0":{"start":{"line":4,"column":40},"end":{"line":4,"column":52}},"1":{"start":{"line":6,"column":2},"end":{"line":25,"column":13}},"2":{"start":{"line":7,"column":21},"end":{"line":22,"column":12}},"3":{"start":{"line":8,"column":24},"end":{"line":8,"column":34}},"4":{"start":{"line":9,"column":21},"end":{"line":9,"column":35}},"5":{"start":{"line":10,"column":29},"end":{"line":10,"column":71}},"6":{"start":{"line":11,"column":34},"end":{"line":11,"column":69}},"7":{"start":{"line":12,"column":33},"end":{"line":12,"column":71}},"8":{"start":{"line":13,"column":31},"end":{"line":13,"column":68}},"9":{"start":{"line":14,"column":30},"end":{"line":14,"column":65}},"10":{"start":{"line":17,"column":6},"end":{"line":21,"column":8}},"11":{"start":{"line":24,"column":4},"end":{"line":24,"column":41}},"12":{"start":{"line":24,"column":17},"end":{"line":24,"column":40}},"13":{"start":{"line":26,"column":2},"end":{"line":26,"column":60}}},"fnMap":{"0":{"name":"Timer","decl":{"start":{"line":3,"column":9},"end":{"line":3,"column":14}},"loc":{"start":{"line":3,"column":25},"end":{"line":27,"column":1}},"line":3},"1":{"name":"(anonymous_1)","decl":{"start":{"line":6,"column":12},"end":{"line":6,"column":13}},"loc":{"start":{"line":6,"column":18},"end":{"line":25,"column":3}},"line":6},"2":{"name":"(anonymous_2)","decl":{"start":{"line":7,"column":33},"end":{"line":7,"column":34}},"loc":{"start":{"line":7,"column":39},"end":{"line":22,"column":5}},"line":7},"3":{"name":"(anonymous_3)","decl":{"start":{"line":24,"column":11},"end":{"line":24,"column":12}},"loc":{"start":{"line":24,"column":17},"end":{"line":24,"column":40}},"line":24}},"branchMap":{},"s":{"0":5,"1":5,"2":4,"3":1,"4":1,"5":1,"6":1,"7":1,"8":1,"9":1,"10":1,"11":4,"12":4,"13":5},"f":{"0":5,"1":4,"2":1,"3":4},"b":{},"_coverageSchema":"1a1c01bbd47fc00a2c39e90264f33305004495a9","hash":"c0f44c3b724ce455b7e7060cb5686d582b61b355"}
,"C:\\Users\\Marle\\OneDrive\\Escritorio\\BurgerQueen\\DEV005-burger-queen-api-client\\burger-queen-fer-marlen\\src\\components\\Title\\Title.jsx": {"path":"C:\\Users\\Marle\\OneDrive\\Escritorio\\BurgerQueen\\DEV005-burger-queen-api-client\\burger-queen-fer-marlen\\src\\components\\Title\\Title.jsx","statementMap":{"0":{"start":{"line":2,"column":2},"end":{"line":6,"column":4}}},"fnMap":{"0":{"name":"Title","decl":{"start":{"line":1,"column":9},"end":{"line":1,"column":14}},"loc":{"start":{"line":1,"column":26},"end":{"line":7,"column":1}},"line":1}},"branchMap":{},"s":{"0":90},"f":{"0":90},"b":{},"_coverageSchema":"1a1c01bbd47fc00a2c39e90264f33305004495a9","hash":"dbdabca0f6b4750a752cf1be5aa7191cbefe750e"}
,"C:\\Users\\Marle\\OneDrive\\Escritorio\\BurgerQueen\\DEV005-burger-queen-api-client\\burger-queen-fer-marlen\\src\\components\\Waiter\\Waiter.jsx": {"path":"C:\\Users\\Marle\\OneDrive\\Escritorio\\BurgerQueen\\DEV005-burger-queen-api-client\\burger-queen-fer-marlen\\src\\components\\Waiter\\Waiter.jsx","statementMap":{"0":{"start":{"line":16,"column":34},"end":{"line":16,"column":46}},"1":{"start":{"line":17,"column":26},"end":{"line":17,"column":38}},"2":{"start":{"line":18,"column":30},"end":{"line":18,"column":42}},"3":{"start":{"line":19,"column":34},"end":{"line":19,"column":46}},"4":{"start":{"line":20,"column":38},"end":{"line":20,"column":50}},"5":{"start":{"line":21,"column":15},"end":{"line":21,"column":43}},"6":{"start":{"line":22,"column":21},"end":{"line":22,"column":35}},"7":{"start":{"line":23,"column":2},"end":{"line":23,"column":49}},"8":{"start":{"line":24,"column":16},"end":{"line":24,"column":45}},"9":{"start":{"line":25,"column":24},"end":{"line":25,"column":41}},"10":{"start":{"line":26,"column":17},"end":{"line":26,"column":24}},"11":{"start":{"line":27,"column":19},"end":{"line":27,"column":32}},"12":{"start":{"line":28,"column":44},"end":{"line":28,"column":56}},"13":{"start":{"line":29,"column":36},"end":{"line":29,"column":48}},"14":{"start":{"line":32,"column":2},"end":{"line":38,"column":22}},"15":{"start":{"line":33,"column":4},"end":{"line":37,"column":7}},"16":{"start":{"line":34,"column":6},"end":{"line":34,"column":23}},"17":{"start":{"line":36,"column":6},"end":{"line":36,"column":19}},"18":{"start":{"line":40,"column":2},"end":{"line":42,"column":15}},"19":{"start":{"line":41,"column":4},"end":{"line":41,"column":20}},"20":{"start":{"line":45,"column":4},"end":{"line":52,"column":5}},"21":{"start":{"line":46,"column":31},"end":{"line":48,"column":7}},"22":{"start":{"line":47,"column":8},"end":{"line":47,"column":64}},"23":{"start":{"line":49,"column":6},"end":{"line":49,"column":32}},"24":{"start":{"line":51,"column":6},"end":{"line":51,"column":24}},"25":{"start":{"line":57,"column":25},"end":{"line":57,"column":74}},"26":{"start":{"line":57,"column":51},"end":{"line":57,"column":73}},"27":{"start":{"line":58,"column":4},"end":{"line":72,"column":5}},"28":{"start":{"line":59,"column":27},"end":{"line":67,"column":8}},"29":{"start":{"line":61,"column":8},"end":{"line":63,"column":10}},"30":{"start":{"line":62,"column":10},"end":{"line":62,"column":41}},"31":{"start":{"line":66,"column":7},"end":{"line":66,"column":19}},"32":{"start":{"line":68,"column":6},"end":{"line":68,"column":34}},"33":{"start":{"line":70,"column":22},"end":{"line":70,"column":48}},"34":{"start":{"line":71,"column":6},"end":{"line":71,"column":46}},"35":{"start":{"line":76,"column":18},"end":{"line":87,"column":5}},"36":{"start":{"line":77,"column":4},"end":{"line":86,"column":4}},"37":{"start":{"line":88,"column":22},"end":{"line":94,"column":3}},"38":{"start":{"line":97,"column":2},"end":{"line":102,"column":4}},"39":{"start":{"line":99,"column":4},"end":{"line":99,"column":7}},"40":{"start":{"line":100,"column":4},"end":{"line":100,"column":22}},"41":{"start":{"line":101,"column":4},"end":{"line":101,"column":20}},"42":{"start":{"line":115,"column":16},"end":{"line":115,"column":31}},"43":{"start":{"line":116,"column":2},"end":{"line":116,"column":65}},"44":{"start":{"line":116,"column":35},"end":{"line":116,"column":62}},"45":{"start":{"line":117,"column":2},"end":{"line":117,"column":26}},"46":{"start":{"line":121,"column":2},"end":{"line":121,"column":28}},"47":{"start":{"line":124,"column":0},"end":{"line":133,"column":6}},"48":{"start":{"line":125,"column":2},"end":{"line":132,"column":4}},"49":{"start":{"line":127,"column":4},"end":{"line":127,"column":21}},"50":{"start":{"line":128,"column":36},"end":{"line":130,"column":5}},"51":{"start":{"line":129,"column":13},"end":{"line":129,"column":37}},"52":{"start":{"line":131,"column":4},"end":{"line":131,"column":42}},"53":{"start":{"line":137,"column":2},"end":{"line":262,"column":4}},"54":{"start":{"line":154,"column":33},"end":{"line":154,"column":62}},"55":{"start":{"line":193,"column":14},"end":{"line":195,"column":54}},"56":{"start":{"line":198,"column":14},"end":{"line":210,"column":16}},"57":{"start":{"line":208,"column":52},"end":{"line":208,"column":84}},"58":{"start":{"line":220,"column":33},"end":{"line":220,"column":64}},"59":{"start":{"line":229,"column":18},"end":{"line":239,"column":24}},"60":{"start":{"line":237,"column":37},"end":{"line":237,"column":53}},"61":{"start":{"line":248,"column":37},"end":{"line":248,"column":66}}},"fnMap":{"0":{"name":"Waiter","decl":{"start":{"line":15,"column":9},"end":{"line":15,"column":15}},"loc":{"start":{"line":15,"column":18},"end":{"line":263,"column":1}},"line":15},"1":{"name":"(anonymous_1)","decl":{"start":{"line":32,"column":12},"end":{"line":32,"column":13}},"loc":{"start":{"line":32,"column":18},"end":{"line":38,"column":3}},"line":32},"2":{"name":"(anonymous_2)","decl":{"start":{"line":33,"column":36},"end":{"line":33,"column":37}},"loc":{"start":{"line":33,"column":45},"end":{"line":37,"column":5}},"line":33},"3":{"name":"(anonymous_3)","decl":{"start":{"line":40,"column":12},"end":{"line":40,"column":13}},"loc":{"start":{"line":40,"column":18},"end":{"line":42,"column":3}},"line":40},"4":{"name":"getFind","decl":{"start":{"line":44,"column":11},"end":{"line":44,"column":18}},"loc":{"start":{"line":44,"column":26},"end":{"line":53,"column":3}},"line":44},"5":{"name":"(anonymous_5)","decl":{"start":{"line":46,"column":47},"end":{"line":46,"column":48}},"loc":{"start":{"line":47,"column":8},"end":{"line":47,"column":64}},"line":47},"6":{"name":"handleAddToOrder","decl":{"start":{"line":55,"column":11},"end":{"line":55,"column":27}},"loc":{"start":{"line":55,"column":44},"end":{"line":73,"column":3}},"line":55},"7":{"name":"(anonymous_7)","decl":{"start":{"line":57,"column":41},"end":{"line":57,"column":42}},"loc":{"start":{"line":57,"column":51},"end":{"line":57,"column":73}},"line":57},"8":{"name":"(anonymous_8)","decl":{"start":{"line":59,"column":42},"end":{"line":59,"column":43}},"loc":{"start":{"line":59,"column":52},"end":{"line":67,"column":7}},"line":59},"9":{"name":"(anonymous_9)","decl":{"start":{"line":76,"column":33},"end":{"line":76,"column":34}},"loc":{"start":{"line":76,"column":40},"end":{"line":87,"column":4}},"line":76},"10":{"name":"addOrder","decl":{"start":{"line":96,"column":9},"end":{"line":96,"column":17}},"loc":{"start":{"line":96,"column":19},"end":{"line":103,"column":1}},"line":96},"11":{"name":"(anonymous_11)","decl":{"start":{"line":98,"column":8},"end":{"line":98,"column":9}},"loc":{"start":{"line":98,"column":17},"end":{"line":102,"column":3}},"line":98},"12":{"name":"deleteItem","decl":{"start":{"line":114,"column":9},"end":{"line":114,"column":19}},"loc":{"start":{"line":114,"column":25},"end":{"line":118,"column":1}},"line":114},"13":{"name":"(anonymous_13)","decl":{"start":{"line":116,"column":29},"end":{"line":116,"column":30}},"loc":{"start":{"line":116,"column":34},"end":{"line":116,"column":63}},"line":116},"14":{"name":"goToOrders","decl":{"start":{"line":120,"column":9},"end":{"line":120,"column":19}},"loc":{"start":{"line":120,"column":21},"end":{"line":122,"column":1}},"line":120},"15":{"name":"(anonymous_15)","decl":{"start":{"line":124,"column":10},"end":{"line":124,"column":11}},"loc":{"start":{"line":124,"column":16},"end":{"line":133,"column":1}},"line":124},"16":{"name":"(anonymous_16)","decl":{"start":{"line":126,"column":8},"end":{"line":126,"column":9}},"loc":{"start":{"line":126,"column":17},"end":{"line":132,"column":3}},"line":126},"17":{"name":"(anonymous_17)","decl":{"start":{"line":129,"column":6},"end":{"line":129,"column":7}},"loc":{"start":{"line":129,"column":13},"end":{"line":129,"column":37}},"line":129},"18":{"name":"(anonymous_18)","decl":{"start":{"line":154,"column":22},"end":{"line":154,"column":23}},"loc":{"start":{"line":154,"column":33},"end":{"line":154,"column":62}},"line":154},"19":{"name":"(anonymous_19)","decl":{"start":{"line":192,"column":20},"end":{"line":192,"column":21}},"loc":{"start":{"line":193,"column":14},"end":{"line":195,"column":54}},"line":193},"20":{"name":"(anonymous_20)","decl":{"start":{"line":197,"column":17},"end":{"line":197,"column":18}},"loc":{"start":{"line":197,"column":24},"end":{"line":211,"column":13}},"line":197},"21":{"name":"(anonymous_21)","decl":{"start":{"line":208,"column":32},"end":{"line":208,"column":33}},"loc":{"start":{"line":208,"column":52},"end":{"line":208,"column":84}},"line":208},"22":{"name":"(anonymous_22)","decl":{"start":{"line":220,"column":22},"end":{"line":220,"column":23}},"loc":{"start":{"line":220,"column":33},"end":{"line":220,"column":64}},"line":220},"23":{"name":"(anonymous_23)","decl":{"start":{"line":228,"column":32},"end":{"line":228,"column":33}},"loc":{"start":{"line":229,"column":18},"end":{"line":239,"column":24}},"line":229},"24":{"name":"(anonymous_24)","decl":{"start":{"line":237,"column":31},"end":{"line":237,"column":32}},"loc":{"start":{"line":237,"column":37},"end":{"line":237,"column":53}},"line":237},"25":{"name":"(anonymous_25)","decl":{"start":{"line":248,"column":20},"end":{"line":248,"column":21}},"loc":{"start":{"line":248,"column":37},"end":{"line":248,"column":66}},"line":248}},"branchMap":{"0":{"loc":{"start":{"line":45,"column":4},"end":{"line":52,"column":5}},"type":"if","locations":[{"start":{"line":45,"column":4},"end":{"line":52,"column":5}},{"start":{"line":50,"column":11},"end":{"line":52,"column":5}}],"line":45},"1":{"loc":{"start":{"line":58,"column":4},"end":{"line":72,"column":5}},"type":"if","locations":[{"start":{"line":58,"column":4},"end":{"line":72,"column":5}},{"start":{"line":69,"column":11},"end":{"line":72,"column":5}}],"line":58},"2":{"loc":{"start":{"line":61,"column":8},"end":{"line":63,"column":10}},"type":"if","locations":[{"start":{"line":61,"column":8},"end":{"line":63,"column":10}},{"start":{},"end":{}}],"line":61},"3":{"loc":{"start":{"line":144,"column":9},"end":{"line":144,"column":125}},"type":"cond-expr","locations":[{"start":{"line":144,"column":35},"end":{"line":144,"column":119}},{"start":{"line":144,"column":121},"end":{"line":144,"column":125}}],"line":144},"4":{"loc":{"start":{"line":193,"column":14},"end":{"line":195,"column":54}},"type":"cond-expr","locations":[{"start":{"line":194,"column":18},"end":{"line":194,"column":22}},{"start":{"line":195,"column":18},"end":{"line":195,"column":54}}],"line":193}},"s":{"0":29,"1":29,"2":29,"3":29,"4":29,"5":29,"6":29,"7":29,"8":29,"9":29,"10":29,"11":29,"12":29,"13":29,"14":29,"15":6,"16":6,"17":6,"18":29,"19":7,"20":7,"21":1,"22":2,"23":1,"24":6,"25":5,"26":2,"27":5,"28":2,"29":2,"30":2,"31":0,"32":2,"33":3,"34":3,"35":29,"36":7,"37":29,"38":2,"39":2,"40":2,"41":2,"42":1,"43":1,"44":1,"45":1,"46":1,"47":29,"48":6,"49":6,"50":6,"51":6,"52":6,"53":29,"54":1,"55":34,"56":34,"57":5,"58":3,"59":7,"60":1,"61":7},"f":{"0":29,"1":6,"2":6,"3":7,"4":7,"5":2,"6":5,"7":2,"8":2,"9":7,"10":2,"11":2,"12":1,"13":1,"14":1,"15":6,"16":6,"17":6,"18":1,"19":34,"20":34,"21":5,"22":3,"23":7,"24":1,"25":7},"b":{"0":[1,6],"1":[2,3],"2":[2,0],"3":[17,12],"4":[34,0]},"_coverageSchema":"1a1c01bbd47fc00a2c39e90264f33305004495a9","hash":"fc6ef630fad9196537925c0556227effc2c29551"}
,"C:\\Users\\Marle\\OneDrive\\Escritorio\\BurgerQueen\\DEV005-burger-queen-api-client\\burger-queen-fer-marlen\\src\\lib\\api.js": {"path":"C:\\Users\\Marle\\OneDrive\\Escritorio\\BurgerQueen\\DEV005-burger-queen-api-client\\burger-queen-fer-marlen\\src\\lib\\api.js","statementMap":{"0":{"start":{"line":1,"column":13},"end":{"line":1,"column":37}},"1":{"start":{"line":2,"column":19},"end":{"line":2,"column":37}},"2":{"start":{"line":5,"column":2},"end":{"line":19,"column":7}},"3":{"start":{"line":15,"column":19},"end":{"line":15,"column":29}},"4":{"start":{"line":17,"column":6},"end":{"line":17,"column":9}},"5":{"start":{"line":23,"column":2},"end":{"line":34,"column":7}},"6":{"start":{"line":30,"column":6},"end":{"line":30,"column":16}},"7":{"start":{"line":32,"column":6},"end":{"line":32,"column":31}},"8":{"start":{"line":33,"column":6},"end":{"line":33,"column":17}},"9":{"start":{"line":38,"column":18},"end":{"line":38,"column":36}},"10":{"start":{"line":39,"column":21},"end":{"line":39,"column":48}},"11":{"start":{"line":40,"column":2},"end":{"line":40,"column":20}},"12":{"start":{"line":44,"column":2},"end":{"line":58,"column":7}},"13":{"start":{"line":55,"column":19},"end":{"line":55,"column":29}},"14":{"start":{"line":57,"column":6},"end":{"line":57,"column":31}},"15":{"start":{"line":61,"column":2},"end":{"line":70,"column":7}},"16":{"start":{"line":67,"column":19},"end":{"line":67,"column":29}},"17":{"start":{"line":69,"column":6},"end":{"line":69,"column":56}},"18":{"start":{"line":73,"column":2},"end":{"line":88,"column":46}},"19":{"start":{"line":86,"column":6},"end":{"line":86,"column":10}},"20":{"start":{"line":88,"column":20},"end":{"line":88,"column":44}},"21":{"start":{"line":92,"column":2},"end":{"line":103,"column":7}},"22":{"start":{"line":99,"column":6},"end":{"line":99,"column":16}},"23":{"start":{"line":101,"column":6},"end":{"line":101,"column":31}},"24":{"start":{"line":102,"column":6},"end":{"line":102,"column":17}},"25":{"start":{"line":106,"column":2},"end":{"line":115,"column":7}},"26":{"start":{"line":112,"column":19},"end":{"line":112,"column":29}},"27":{"start":{"line":114,"column":6},"end":{"line":114,"column":57}},"28":{"start":{"line":118,"column":2},"end":{"line":135,"column":46}},"29":{"start":{"line":133,"column":6},"end":{"line":133,"column":10}},"30":{"start":{"line":135,"column":20},"end":{"line":135,"column":44}},"31":{"start":{"line":138,"column":2},"end":{"line":156,"column":7}},"32":{"start":{"line":153,"column":4},"end":{"line":153,"column":14}},"33":{"start":{"line":155,"column":6},"end":{"line":155,"column":31}},"34":{"start":{"line":160,"column":2},"end":{"line":176,"column":7}},"35":{"start":{"line":171,"column":7},"end":{"line":171,"column":17}},"36":{"start":{"line":174,"column":6},"end":{"line":174,"column":9}},"37":{"start":{"line":180,"column":2},"end":{"line":190,"column":7}},"38":{"start":{"line":186,"column":19},"end":{"line":186,"column":29}},"39":{"start":{"line":188,"column":6},"end":{"line":188,"column":31}},"40":{"start":{"line":189,"column":6},"end":{"line":189,"column":17}},"41":{"start":{"line":193,"column":2},"end":{"line":208,"column":46}},"42":{"start":{"line":205,"column":6},"end":{"line":205,"column":10}},"43":{"start":{"line":206,"column":6},"end":{"line":206,"column":23}},"44":{"start":{"line":208,"column":20},"end":{"line":208,"column":44}}},"fnMap":{"0":{"name":"getLogin","decl":{"start":{"line":4,"column":16},"end":{"line":4,"column":24}},"loc":{"start":{"line":4,"column":42},"end":{"line":20,"column":1}},"line":4},"1":{"name":"(anonymous_1)","decl":{"start":{"line":15,"column":10},"end":{"line":15,"column":11}},"loc":{"start":{"line":15,"column":19},"end":{"line":15,"column":29}},"line":15},"2":{"name":"(anonymous_2)","decl":{"start":{"line":16,"column":11},"end":{"line":16,"column":12}},"loc":{"start":{"line":16,"column":20},"end":{"line":19,"column":5}},"line":16},"3":{"name":"getEmployees","decl":{"start":{"line":22,"column":16},"end":{"line":22,"column":28}},"loc":{"start":{"line":22,"column":36},"end":{"line":35,"column":1}},"line":22},"4":{"name":"(anonymous_4)","decl":{"start":{"line":29,"column":10},"end":{"line":29,"column":11}},"loc":{"start":{"line":30,"column":6},"end":{"line":30,"column":16}},"line":30},"5":{"name":"(anonymous_5)","decl":{"start":{"line":31,"column":11},"end":{"line":31,"column":12}},"loc":{"start":{"line":31,"column":20},"end":{"line":34,"column":5}},"line":31},"6":{"name":"cutEmail","decl":{"start":{"line":37,"column":16},"end":{"line":37,"column":24}},"loc":{"start":{"line":37,"column":32},"end":{"line":41,"column":1}},"line":37},"7":{"name":"createUser","decl":{"start":{"line":43,"column":16},"end":{"line":43,"column":26}},"loc":{"start":{"line":43,"column":50},"end":{"line":59,"column":1}},"line":43},"8":{"name":"(anonymous_8)","decl":{"start":{"line":55,"column":10},"end":{"line":55,"column":11}},"loc":{"start":{"line":55,"column":19},"end":{"line":55,"column":29}},"line":55},"9":{"name":"(anonymous_9)","decl":{"start":{"line":56,"column":11},"end":{"line":56,"column":12}},"loc":{"start":{"line":56,"column":20},"end":{"line":58,"column":5}},"line":56},"10":{"name":"deleteUser","decl":{"start":{"line":60,"column":16},"end":{"line":60,"column":26}},"loc":{"start":{"line":60,"column":38},"end":{"line":71,"column":1}},"line":60},"11":{"name":"(anonymous_11)","decl":{"start":{"line":67,"column":10},"end":{"line":67,"column":11}},"loc":{"start":{"line":67,"column":19},"end":{"line":67,"column":29}},"line":67},"12":{"name":"(anonymous_12)","decl":{"start":{"line":68,"column":11},"end":{"line":68,"column":12}},"loc":{"start":{"line":68,"column":20},"end":{"line":70,"column":5}},"line":68},"13":{"name":"editUser","decl":{"start":{"line":72,"column":16},"end":{"line":72,"column":24}},"loc":{"start":{"line":72,"column":60},"end":{"line":89,"column":1}},"line":72},"14":{"name":"(anonymous_14)","decl":{"start":{"line":85,"column":10},"end":{"line":85,"column":11}},"loc":{"start":{"line":85,"column":19},"end":{"line":87,"column":5}},"line":85},"15":{"name":"(anonymous_15)","decl":{"start":{"line":88,"column":11},"end":{"line":88,"column":12}},"loc":{"start":{"line":88,"column":20},"end":{"line":88,"column":44}},"line":88},"16":{"name":"getProducts","decl":{"start":{"line":91,"column":16},"end":{"line":91,"column":27}},"loc":{"start":{"line":91,"column":35},"end":{"line":104,"column":1}},"line":91},"17":{"name":"(anonymous_17)","decl":{"start":{"line":98,"column":10},"end":{"line":98,"column":11}},"loc":{"start":{"line":99,"column":6},"end":{"line":99,"column":16}},"line":99},"18":{"name":"(anonymous_18)","decl":{"start":{"line":100,"column":11},"end":{"line":100,"column":12}},"loc":{"start":{"line":100,"column":20},"end":{"line":103,"column":5}},"line":100},"19":{"name":"deleteProduct","decl":{"start":{"line":105,"column":16},"end":{"line":105,"column":29}},"loc":{"start":{"line":105,"column":41},"end":{"line":116,"column":1}},"line":105},"20":{"name":"(anonymous_20)","decl":{"start":{"line":112,"column":10},"end":{"line":112,"column":11}},"loc":{"start":{"line":112,"column":19},"end":{"line":112,"column":29}},"line":112},"21":{"name":"(anonymous_21)","decl":{"start":{"line":113,"column":11},"end":{"line":113,"column":12}},"loc":{"start":{"line":113,"column":20},"end":{"line":115,"column":5}},"line":113},"22":{"name":"editProduct","decl":{"start":{"line":117,"column":16},"end":{"line":117,"column":27}},"loc":{"start":{"line":117,"column":69},"end":{"line":136,"column":1}},"line":117},"23":{"name":"(anonymous_23)","decl":{"start":{"line":132,"column":10},"end":{"line":132,"column":11}},"loc":{"start":{"line":132,"column":19},"end":{"line":134,"column":5}},"line":132},"24":{"name":"(anonymous_24)","decl":{"start":{"line":135,"column":11},"end":{"line":135,"column":12}},"loc":{"start":{"line":135,"column":20},"end":{"line":135,"column":44}},"line":135},"25":{"name":"createProduct","decl":{"start":{"line":137,"column":16},"end":{"line":137,"column":29}},"loc":{"start":{"line":137,"column":66},"end":{"line":157,"column":1}},"line":137},"26":{"name":"(anonymous_26)","decl":{"start":{"line":152,"column":10},"end":{"line":152,"column":11}},"loc":{"start":{"line":152,"column":19},"end":{"line":153,"column":15}},"line":152},"27":{"name":"(anonymous_27)","decl":{"start":{"line":154,"column":11},"end":{"line":154,"column":12}},"loc":{"start":{"line":154,"column":20},"end":{"line":156,"column":5}},"line":154},"28":{"name":"createOrder","decl":{"start":{"line":159,"column":16},"end":{"line":159,"column":27}},"loc":{"start":{"line":159,"column":43},"end":{"line":177,"column":1}},"line":159},"29":{"name":"(anonymous_29)","decl":{"start":{"line":168,"column":10},"end":{"line":168,"column":11}},"loc":{"start":{"line":168,"column":19},"end":{"line":172,"column":5}},"line":168},"30":{"name":"(anonymous_30)","decl":{"start":{"line":173,"column":11},"end":{"line":173,"column":12}},"loc":{"start":{"line":173,"column":20},"end":{"line":176,"column":5}},"line":173},"31":{"name":"getOrders","decl":{"start":{"line":179,"column":16},"end":{"line":179,"column":25}},"loc":{"start":{"line":179,"column":33},"end":{"line":191,"column":1}},"line":179},"32":{"name":"(anonymous_32)","decl":{"start":{"line":186,"column":10},"end":{"line":186,"column":11}},"loc":{"start":{"line":186,"column":19},"end":{"line":186,"column":29}},"line":186},"33":{"name":"(anonymous_33)","decl":{"start":{"line":187,"column":11},"end":{"line":187,"column":12}},"loc":{"start":{"line":187,"column":20},"end":{"line":190,"column":5}},"line":187},"34":{"name":"updateOrder","decl":{"start":{"line":192,"column":16},"end":{"line":192,"column":27}},"loc":{"start":{"line":192,"column":48},"end":{"line":209,"column":1}},"line":192},"35":{"name":"(anonymous_35)","decl":{"start":{"line":204,"column":10},"end":{"line":204,"column":11}},"loc":{"start":{"line":204,"column":19},"end":{"line":207,"column":5}},"line":204},"36":{"name":"(anonymous_36)","decl":{"start":{"line":208,"column":11},"end":{"line":208,"column":12}},"loc":{"start":{"line":208,"column":20},"end":{"line":208,"column":44}},"line":208}},"branchMap":{},"s":{"0":8,"1":8,"2":2,"3":2,"4":1,"5":2,"6":1,"7":1,"8":1,"9":15,"10":15,"11":15,"12":2,"13":1,"14":1,"15":2,"16":1,"17":1,"18":2,"19":1,"20":1,"21":2,"22":1,"23":1,"24":1,"25":2,"26":1,"27":1,"28":2,"29":1,"30":1,"31":1,"32":1,"33":1,"34":2,"35":1,"36":2,"37":2,"38":1,"39":1,"40":1,"41":2,"42":1,"43":1,"44":1},"f":{"0":2,"1":2,"2":1,"3":2,"4":1,"5":1,"6":15,"7":2,"8":1,"9":1,"10":2,"11":1,"12":1,"13":2,"14":1,"15":1,"16":2,"17":1,"18":1,"19":2,"20":1,"21":1,"22":2,"23":1,"24":1,"25":1,"26":1,"27":1,"28":2,"29":1,"30":2,"31":2,"32":1,"33":1,"34":2,"35":1,"36":1},"b":{},"_coverageSchema":"1a1c01bbd47fc00a2c39e90264f33305004495a9","hash":"278874b843d800a46b09076e2f40a9d25d65ff5b"}
}
