TN:
SF:src\components\Admin\Admin.jsx
FN:13,Admin
FN:18,goEmployees
FN:21,goProducts
FNF:3
FNH:3
FNDA:2,Admin
FNDA:1,goEmployees
FNDA:1,goProducts
DA:14,2
DA:15,2
DA:16,2
DA:17,2
DA:19,1
DA:22,1
DA:24,2
LF:7
LH:7
BRF:0
BRH:0
end_of_record
TN:
SF:src\components\Banner\Banner.jsx
FN:3,Banner
FNF:1
FNH:1
FNDA:77,Banner
DA:4,77
LF:1
LH:1
BRF:0
BRH:0
end_of_record
TN:
SF:src\components\Button\Button.jsx
FN:1,Button
FNF:1
FNH:1
FNDA:128,Button
DA:2,128
LF:1
LH:1
BRF:0
BRH:0
end_of_record
TN:
SF:src\components\Card\Card.jsx
FN:6,Card
FN:27,(anonymous_1)
FN:35,(anonymous_2)
FN:44,(anonymous_3)
FNF:4
FNH:4
FNDA:49,Card
FNDA:2,(anonymous_1)
FNDA:3,(anonymous_2)
FNDA:6,(anonymous_3)
DA:16,49
DA:18,49
DA:28,2
DA:36,3
DA:44,6
LF:5
LH:5
BRF:0
BRH:0
end_of_record
TN:
SF:src\components\Employees\Employees.jsx
FN:19,Employees
FN:32,goProducts
FN:35,(anonymous_2)
FN:39,(anonymous_3)
FN:43,(anonymous_4)
FN:47,(anonymous_5)
FN:49,(anonymous_6)
FN:54,(anonymous_7)
FN:106,(anonymous_8)
FN:122,(anonymous_9)
FN:125,(anonymous_10)
FNF:11
FNH:10
FNDA:11,Employees
FNDA:1,goProducts
FNDA:1,(anonymous_2)
FNDA:1,(anonymous_3)
FNDA:1,(anonymous_4)
FNDA:7,(anonymous_5)
FNDA:7,(anonymous_6)
FNDA:0,(anonymous_7)
FNDA:14,(anonymous_8)
FNDA:1,(anonymous_9)
FNDA:1,(anonymous_10)
DA:20,11
DA:21,11
DA:22,11
DA:23,11
DA:24,11
DA:25,11
DA:26,11
DA:27,11
DA:28,11
DA:29,11
DA:30,11
DA:33,1
DA:35,11
DA:36,1
DA:39,11
DA:40,1
DA:41,1
DA:43,11
DA:44,1
DA:45,1
DA:47,11
DA:48,7
DA:50,7
DA:52,7
DA:55,0
DA:59,11
DA:107,14
DA:108,14
DA:109,14
DA:111,14
DA:122,1
DA:125,1
LF:32
LH:31
BRDA:61,0,0,11
BRDA:61,0,1,1
BRDA:62,1,0,11
BRDA:62,1,1,1
BRDA:70,2,0,11
BRDA:70,2,1,1
BRDA:94,3,0,4
BRDA:94,3,1,7
BRDA:96,4,0,7
BRDA:96,4,1,0
BRDA:136,5,0,0
BRDA:136,5,1,0
BRF:12
BRH:9
end_of_record
TN:
SF:src\components\Footer\Footer.jsx
FN:1,Footer
FNF:1
FNH:1
FNDA:76,Footer
DA:2,76
LF:1
LH:1
BRF:0
BRH:0
end_of_record
TN:
SF:src\components\Header\Header.jsx
FN:8,Header
FN:11,logout
FNF:2
FNH:2
FNDA:74,Header
FNDA:2,logout
DA:9,74
DA:12,2
DA:15,74
LF:3
LH:3
BRF:0
BRH:0
end_of_record
TN:
SF:src\components\Home\Home.jsx
FN:17,Home
FN:24,(anonymous_1)
FN:26,(anonymous_2)
FN:38,(anonymous_3)
FN:47,handleSubmit
FN:70,(anonymous_5)
FN:82,(anonymous_6)
FNF:7
FNH:7
FNDA:6,Home
FNDA:2,(anonymous_1)
FNDA:2,(anonymous_2)
FNDA:1,(anonymous_3)
FNDA:2,handleSubmit
FNDA:2,(anonymous_5)
FNDA:1,(anonymous_6)
DA:18,6
DA:20,6
DA:21,6
DA:22,6
DA:24,6
DA:25,2
DA:27,2
DA:28,2
DA:29,0
DA:30,0
DA:31,0
DA:32,0
DA:35,1
DA:36,1
DA:39,1
DA:49,2
DA:51,2
DA:54,6
DA:70,2
DA:82,1
LF:20
LH:16
BRDA:27,0,0,2
BRDA:27,0,1,0
BRDA:29,1,0,0
BRDA:29,1,1,0
BRDA:31,2,0,0
BRDA:31,2,1,0
BRDA:84,3,0,6
BRDA:84,3,1,1
BRF:8
BRH:3
end_of_record
TN:
SF:src\components\Input\Input.jsx
FN:1,Input
FNF:1
FNH:1
FNDA:316,Input
DA:10,316
LF:1
LH:1
BRDA:19,0,0,316
BRDA:19,0,1,91
BRF:2
BRH:2
end_of_record
TN:
SF:src\components\Modal\Modal.jsx
FN:7,Modal
FN:17,(anonymous_1)
FN:18,(anonymous_2)
FN:40,(anonymous_3)
FN:51,(anonymous_4)
FN:54,(anonymous_5)
FN:65,(anonymous_6)
FNF:7
FNH:7
FNDA:9,Modal
FNDA:1,(anonymous_1)
FNDA:1,(anonymous_2)
FNDA:2,(anonymous_3)
FNDA:2,(anonymous_4)
FNDA:27,(anonymous_5)
FNDA:1,(anonymous_6)
DA:8,9
DA:9,9
DA:10,9
DA:15,9
DA:17,9
DA:18,1
DA:19,1
DA:23,9
DA:40,2
DA:51,2
DA:56,27
DA:66,1
LF:12
LH:12
BRF:0
BRH:0
end_of_record
TN:
SF:src\components\ModalDelete\ModalDelete.jsx
FN:5,ModalDelete
FN:9,confirm
FN:13,(anonymous_2)
FN:16,(anonymous_3)
FN:19,(anonymous_4)
FN:22,(anonymous_5)
FN:25,(anonymous_6)
FNF:7
FNH:7
FNDA:4,ModalDelete
FNDA:2,confirm
FNDA:2,(anonymous_2)
FNDA:1,(anonymous_3)
FNDA:1,(anonymous_4)
FNDA:1,(anonymous_5)
FNDA:1,(anonymous_6)
DA:6,4
DA:7,4
DA:10,2
DA:13,4
DA:14,2
DA:15,1
DA:17,1
DA:19,1
DA:20,1
DA:21,1
DA:23,1
DA:25,1
DA:29,4
LF:13
LH:13
BRDA:14,0,0,1
BRDA:14,0,1,1
BRDA:20,1,0,1
BRDA:20,1,1,0
BRF:4
BRH:3
end_of_record
TN:
SF:src\components\ModalEdit\ModalEdit.css
FNF:0
FNH:0
LF:0
LH:0
BRF:0
BRH:0
end_of_record
TN:
SF:src\components\ModalEdit\ModalEdit.jsx
FN:7,ModalEdit
FN:17,(anonymous_1)
FN:18,(anonymous_2)
FN:39,(anonymous_3)
FN:49,(anonymous_4)
FN:53,(anonymous_5)
FN:63,(anonymous_6)
FNF:7
FNH:7
FNDA:6,ModalEdit
FNDA:1,(anonymous_1)
FNDA:1,(anonymous_2)
FNDA:1,(anonymous_3)
FNDA:1,(anonymous_4)
FNDA:18,(anonymous_5)
FNDA:1,(anonymous_6)
DA:8,6
DA:9,6
DA:10,6
DA:12,6
DA:17,6
DA:18,1
DA:19,1
DA:21,1
DA:23,6
DA:39,1
DA:49,1
DA:55,18
DA:64,1
LF:13
LH:13
BRF:0
BRH:0
end_of_record
TN:
SF:src\components\ModalEditProduct\ModalEditProduct.jsx
FN:8,ModalEditProduct
FN:28,(anonymous_1)
FN:30,(anonymous_2)
FN:35,(anonymous_3)
FN:56,(anonymous_4)
FN:66,(anonymous_5)
FN:93,(anonymous_6)
FN:98,(anonymous_7)
FN:108,(anonymous_8)
FNF:9
FNH:9
FNDA:12,ModalEditProduct
FNDA:2,(anonymous_1)
FNDA:1,(anonymous_2)
FNDA:1,(anonymous_3)
FNDA:1,(anonymous_4)
FNDA:1,(anonymous_5)
FNDA:1,(anonymous_6)
FNDA:36,(anonymous_7)
FNDA:1,(anonymous_8)
DA:9,12
DA:10,12
DA:11,12
DA:12,12
DA:13,12
DA:15,12
DA:16,0
DA:17,0
DA:18,0
DA:19,0
DA:22,12
DA:28,12
DA:29,2
DA:30,1
DA:31,1
DA:34,1
DA:35,1
DA:38,2
DA:40,12
DA:56,1
DA:66,1
DA:93,1
DA:100,36
DA:109,1
LF:24
LH:20
BRDA:15,0,0,0
BRDA:15,0,1,12
BRDA:29,1,0,1
BRDA:29,1,1,1
BRF:4
BRH:3
end_of_record
TN:
SF:src\components\Products\Products.jsx
FN:20,Products
FN:32,(anonymous_1)
FN:33,(anonymous_2)
FN:38,navigateEmploye
FN:42,(anonymous_4)
FN:51,(anonymous_5)
FN:56,filter
FN:59,(anonymous_7)
FN:108,(anonymous_8)
FN:119,(anonymous_9)
FN:129,(anonymous_10)
FN:146,(anonymous_11)
FN:151,(anonymous_12)
FN:169,(anonymous_13)
FN:173,(anonymous_14)
FNF:15
FNH:15
FNDA:22,Products
FNDA:10,(anonymous_1)
FNDA:10,(anonymous_2)
FNDA:1,navigateEmploye
FNDA:2,(anonymous_4)
FNDA:1,(anonymous_5)
FNDA:5,filter
FNDA:3,(anonymous_7)
FNDA:2,(anonymous_8)
FNDA:1,(anonymous_9)
FNDA:2,(anonymous_10)
FNDA:15,(anonymous_11)
FNDA:13,(anonymous_12)
FNDA:1,(anonymous_13)
FNDA:1,(anonymous_14)
DA:21,22
DA:22,22
DA:23,22
DA:24,22
DA:25,22
DA:26,22
DA:27,22
DA:28,22
DA:29,22
DA:30,22
DA:32,22
DA:33,10
DA:34,10
DA:39,1
DA:42,22
DA:43,2
DA:44,2
DA:45,0
DA:47,2
DA:51,22
DA:52,1
DA:53,1
DA:57,5
DA:59,3
DA:62,3
DA:66,22
DA:108,2
DA:119,1
DA:129,2
DA:147,15
DA:152,13
DA:169,1
DA:173,1
LF:33
LH:32
BRDA:44,0,0,0
BRDA:44,0,1,2
BRDA:57,1,0,2
BRDA:57,1,1,3
BRDA:68,2,0,22
BRDA:68,2,1,2
BRDA:76,3,0,22
BRDA:76,3,1,1
BRDA:147,4,0,11
BRDA:147,4,1,4
BRF:10
BRH:9
end_of_record
TN:
SF:src\components\Timer\Timer.jsx
FN:3,Timer
FN:5,(anonymous_1)
FN:6,(anonymous_2)
FN:23,(anonymous_3)
FNF:4
FNH:4
FNDA:3,Timer
FNDA:2,(anonymous_1)
FNDA:1,(anonymous_2)
FNDA:2,(anonymous_3)
DA:4,3
DA:5,3
DA:6,2
DA:7,1
DA:8,1
DA:9,1
DA:10,1
DA:11,1
DA:12,1
DA:13,1
DA:16,1
DA:23,2
DA:25,3
LF:13
LH:13
BRF:0
BRH:0
end_of_record
TN:
SF:src\components\Title\Title.jsx
FN:1,Title
FNF:1
FNH:1
FNDA:82,Title
DA:2,82
LF:1
LH:1
BRF:0
BRH:0
end_of_record
TN:
SF:src\components\Waiter\Waiter.jsx
FN:13,Waiter
FN:33,(anonymous_1)
FN:34,(anonymous_2)
FN:41,(anonymous_3)
FN:45,getFind
FN:47,(anonymous_5)
FN:56,handleAddToOrder
FN:57,(anonymous_7)
FN:59,(anonymous_8)
FN:73,(anonymous_9)
FN:98,addOrder
FN:99,(anonymous_11)
FN:106,filter
FN:109,(anonymous_13)
FN:116,deleteItem
FN:118,(anonymous_15)
FN:138,(anonymous_16)
FN:148,(anonymous_17)
FN:159,(anonymous_18)
FN:169,(anonymous_19)
FN:175,(anonymous_20)
FN:180,(anonymous_21)
FN:191,(anonymous_22)
FN:205,(anonymous_23)
FN:219,(anonymous_24)
FN:231,(anonymous_25)
FN:243,(anonymous_26)
FNF:27
FNH:27
FNDA:34,Waiter
FNDA:6,(anonymous_1)
FNDA:6,(anonymous_2)
FNDA:7,(anonymous_3)
FNDA:7,getFind
FNDA:2,(anonymous_5)
FNDA:5,handleAddToOrder
FNDA:2,(anonymous_7)
FNDA:2,(anonymous_8)
FNDA:7,(anonymous_9)
FNDA:2,addOrder
FNDA:2,(anonymous_11)
FNDA:5,filter
FNDA:4,(anonymous_13)
FNDA:1,deleteItem
FNDA:1,(anonymous_15)
FNDA:1,(anonymous_16)
FNDA:1,(anonymous_17)
FNDA:2,(anonymous_18)
FNDA:2,(anonymous_19)
FNDA:44,(anonymous_20)
FNDA:39,(anonymous_21)
FNDA:5,(anonymous_22)
FNDA:3,(anonymous_23)
FNDA:7,(anonymous_24)
FNDA:1,(anonymous_25)
FNDA:7,(anonymous_26)
DA:14,34
DA:16,34
DA:17,34
DA:18,34
DA:19,34
DA:20,34
DA:22,34
DA:24,34
DA:25,34
DA:26,34
DA:27,34
DA:28,34
DA:29,34
DA:33,34
DA:34,6
DA:35,6
DA:37,6
DA:41,34
DA:42,7
DA:46,7
DA:47,1
DA:48,2
DA:50,1
DA:52,6
DA:57,5
DA:58,5
DA:59,2
DA:60,2
DA:61,2
DA:64,0
DA:66,2
DA:68,3
DA:69,3
DA:73,34
DA:74,7
DA:86,34
DA:99,2
DA:100,2
DA:101,2
DA:107,5
DA:109,4
DA:112,3
DA:117,1
DA:118,1
DA:119,1
DA:121,1
DA:123,34
DA:138,1
DA:148,1
DA:159,2
DA:169,2
DA:176,44
DA:181,39
DA:192,5
DA:205,3
DA:220,7
DA:231,1
DA:243,7
LF:58
LH:57
BRDA:46,0,0,1
BRDA:46,0,1,6
BRDA:58,1,0,2
BRDA:58,1,1,3
BRDA:60,2,0,2
BRDA:60,2,1,0
BRDA:107,3,0,2
BRDA:107,3,1,3
BRDA:176,4,0,34
BRDA:176,4,1,10
BRF:10
BRH:9
end_of_record
TN:
SF:src\lib\api.js
FN:4,getLogin
FN:15,(anonymous_1)
FN:16,(anonymous_2)
FN:21,getEmployees
FN:28,(anonymous_4)
FN:29,(anonymous_5)
FN:34,cutEmail
FN:40,createUser
FN:52,(anonymous_8)
FN:53,(anonymous_9)
FN:57,deleteUser
FN:64,(anonymous_11)
FN:65,(anonymous_12)
FN:69,editUser
FN:82,(anonymous_14)
FN:85,(anonymous_15)
FN:88,getProducts
FN:95,(anonymous_17)
FN:96,(anonymous_18)
FN:101,deleteProduct
FN:108,(anonymous_20)
FN:109,(anonymous_21)
FN:113,editProduct
FN:128,(anonymous_23)
FN:131,(anonymous_24)
FN:133,createProduct
FN:148,(anonymous_26)
FN:151,(anonymous_27)
FN:156,createOrder
FN:165,(anonymous_29)
FN:166,(anonymous_30)
FN:170,getOrders
FN:177,(anonymous_32)
FN:178,(anonymous_33)
FNF:34
FNH:34
FNDA:2,getLogin
FNDA:2,(anonymous_1)
FNDA:1,(anonymous_2)
FNDA:2,getEmployees
FNDA:1,(anonymous_4)
FNDA:1,(anonymous_5)
FNDA:15,cutEmail
FNDA:2,createUser
FNDA:1,(anonymous_8)
FNDA:1,(anonymous_9)
FNDA:2,deleteUser
FNDA:1,(anonymous_11)
FNDA:1,(anonymous_12)
FNDA:2,editUser
FNDA:1,(anonymous_14)
FNDA:1,(anonymous_15)
FNDA:2,getProducts
FNDA:1,(anonymous_17)
FNDA:1,(anonymous_18)
FNDA:2,deleteProduct
FNDA:1,(anonymous_20)
FNDA:1,(anonymous_21)
FNDA:2,editProduct
FNDA:1,(anonymous_23)
FNDA:1,(anonymous_24)
FNDA:2,createProduct
FNDA:1,(anonymous_26)
FNDA:1,(anonymous_27)
FNDA:2,createOrder
FNDA:1,(anonymous_29)
FNDA:2,(anonymous_30)
FNDA:2,getOrders
FNDA:1,(anonymous_32)
FNDA:1,(anonymous_33)
DA:1,5
DA:2,5
DA:5,2
DA:15,2
DA:17,1
DA:22,2
DA:28,1
DA:30,1
DA:35,15
DA:36,15
DA:37,15
DA:41,2
DA:52,1
DA:54,1
DA:58,2
DA:64,1
DA:66,1
DA:70,2
DA:83,1
DA:85,1
DA:89,2
DA:95,1
DA:97,1
DA:98,1
DA:102,2
DA:108,1
DA:110,1
DA:114,2
DA:129,1
DA:131,1
DA:134,2
DA:149,1
DA:152,1
DA:157,2
DA:165,1
DA:167,2
DA:171,2
DA:177,1
DA:179,1
DA:180,1
LF:40
LH:40
BRF:0
BRH:0
end_of_record
