TN:
SF:src\components\Admin\Admin.jsx
FN:13,Admin
FN:18,goEmployees
FN:21,goProducts
FNF:3
FNH:3
FNDA:2,Admin
FNDA:1,goEmployees
FNDA:1,goProducts
DA:14,2
DA:15,2
DA:16,2
DA:17,2
DA:19,1
DA:22,1
DA:24,2
LF:7
LH:7
BRF:0
BRH:0
end_of_record
TN:
SF:src\components\Banner\Banner.jsx
FN:3,Banner
FNF:1
FNH:1
FNDA:87,Banner
DA:4,87
LF:1
LH:1
BRF:0
BRH:0
end_of_record
TN:
SF:src\components\Button\Button.jsx
FN:1,Button
FNF:1
FNH:1
FNDA:158,Button
DA:2,158
LF:1
LH:1
BRF:0
BRH:0
end_of_record
TN:
SF:src\components\Card\Card.jsx
FN:6,Card
FN:19,(anonymous_1)
FN:27,(anonymous_2)
FN:32,(anonymous_3)
FNF:4
FNH:4
FNDA:51,Card
FNDA:2,(anonymous_1)
FNDA:3,(anonymous_2)
FNDA:6,(anonymous_3)
DA:7,51
DA:9,51
DA:20,2
DA:28,3
DA:32,6
LF:5
LH:5
BRF:0
BRH:0
end_of_record
TN:
SF:src\components\Chef\Chef.jsx
FN:14,Chef
FN:23,(anonymous_1)
FN:25,(anonymous_2)
FN:27,(anonymous_3)
FN:32,(anonymous_4)
FN:38,confirmUpdate
FN:40,(anonymous_6)
FN:42,(anonymous_7)
FN:81,(anonymous_8)
FN:106,(anonymous_9)
FN:122,(anonymous_10)
FNF:11
FNH:11
FNDA:7,Chef
FNDA:3,(anonymous_1)
FNDA:2,(anonymous_2)
FNDA:2,(anonymous_3)
FNDA:1,(anonymous_4)
FNDA:1,confirmUpdate
FNDA:1,(anonymous_6)
FNDA:1,(anonymous_7)
FNDA:2,(anonymous_8)
FNDA:2,(anonymous_9)
FNDA:1,(anonymous_10)
DA:15,7
DA:16,7
DA:17,7
DA:18,7
DA:19,7
DA:20,7
DA:21,7
DA:23,7
DA:24,3
DA:26,2
DA:27,2
DA:29,2
DA:30,2
DA:33,1
DA:34,1
DA:39,1
DA:40,1
DA:42,1
DA:43,1
DA:66,7
DA:82,2
DA:107,2
DA:122,1
LF:23
LH:23
BRDA:70,0,0,3
BRDA:70,0,1,4
BRDA:72,1,0,1
BRDA:72,1,1,3
BRDA:72,2,0,4
BRDA:72,2,1,3
BRDA:74,3,0,2
BRDA:74,3,1,1
BRDA:130,4,0,1
BRDA:130,4,1,0
BRF:10
BRH:9
end_of_record
TN:
SF:src\components\Employees\Employees.jsx
FN:20,Employees
FN:33,goProducts
FN:36,(anonymous_2)
FN:40,(anonymous_3)
FN:44,(anonymous_4)
FN:48,(anonymous_5)
FN:49,(anonymous_6)
FN:53,(anonymous_7)
FN:105,(anonymous_8)
FN:118,(anonymous_9)
FN:121,(anonymous_10)
FNF:11
FNH:10
FNDA:11,Employees
FNDA:1,goProducts
FNDA:1,(anonymous_2)
FNDA:1,(anonymous_3)
FNDA:1,(anonymous_4)
FNDA:7,(anonymous_5)
FNDA:7,(anonymous_6)
FNDA:0,(anonymous_7)
FNDA:14,(anonymous_8)
FNDA:1,(anonymous_9)
FNDA:1,(anonymous_10)
DA:21,11
DA:22,11
DA:23,11
DA:24,11
DA:25,11
DA:26,11
DA:27,11
DA:28,11
DA:29,11
DA:30,11
DA:31,11
DA:34,1
DA:36,11
DA:37,1
DA:40,11
DA:41,1
DA:42,1
DA:44,11
DA:45,1
DA:46,1
DA:48,11
DA:49,7
DA:50,7
DA:51,7
DA:54,0
DA:55,0
DA:59,11
DA:106,14
DA:107,14
DA:118,1
DA:121,1
LF:31
LH:29
BRDA:61,0,0,11
BRDA:61,0,1,1
BRDA:62,1,0,11
BRDA:62,1,1,1
BRDA:70,2,0,11
BRDA:70,2,1,1
BRDA:94,3,0,4
BRDA:94,3,1,7
BRDA:96,4,0,7
BRDA:96,4,1,0
BRDA:131,5,0,0
BRDA:131,5,1,0
BRF:12
BRH:9
end_of_record
TN:
SF:src\components\Footer\Footer.jsx
FN:1,Footer
FNF:1
FNH:1
FNDA:86,Footer
DA:2,86
LF:1
LH:1
BRF:0
BRH:0
end_of_record
TN:
SF:src\components\Header\Header.jsx
FN:8,Header
FN:11,logout
FNF:2
FNH:2
FNDA:84,Header
FNDA:2,logout
DA:9,84
DA:12,2
DA:15,84
LF:3
LH:3
BRF:0
BRH:0
end_of_record
TN:
SF:src\components\Home\Home.jsx
FN:17,Home
FN:24,(anonymous_1)
FN:26,(anonymous_2)
FN:38,(anonymous_3)
FN:48,handleSubmit
FN:71,(anonymous_5)
FN:83,(anonymous_6)
FNF:7
FNH:7
FNDA:6,Home
FNDA:2,(anonymous_1)
FNDA:2,(anonymous_2)
FNDA:1,(anonymous_3)
FNDA:2,handleSubmit
FNDA:2,(anonymous_5)
FNDA:1,(anonymous_6)
DA:18,6
DA:20,6
DA:21,6
DA:22,6
DA:24,6
DA:25,2
DA:27,2
DA:29,2
DA:30,0
DA:31,0
DA:32,0
DA:33,0
DA:35,1
DA:36,1
DA:40,1
DA:50,2
DA:52,2
DA:55,6
DA:71,2
DA:83,1
LF:20
LH:16
BRDA:27,0,0,2
BRDA:27,0,1,0
BRDA:30,1,0,0
BRDA:30,1,1,0
BRDA:32,2,0,0
BRDA:32,2,1,0
BRDA:85,3,0,6
BRDA:85,3,1,1
BRF:8
BRH:3
end_of_record
TN:
SF:src\components\Input\Input.jsx
FN:3,Input
FNF:1
FNH:1
FNDA:331,Input
DA:12,331
LF:1
LH:1
BRDA:21,0,0,331
BRDA:21,0,1,103
BRF:2
BRH:2
end_of_record
TN:
SF:src\components\Modal\Modal.jsx
FN:7,Modal
FN:17,(anonymous_1)
FN:18,(anonymous_2)
FN:39,(anonymous_3)
FN:50,(anonymous_4)
FN:53,(anonymous_5)
FN:62,(anonymous_6)
FNF:7
FNH:7
FNDA:9,Modal
FNDA:1,(anonymous_1)
FNDA:1,(anonymous_2)
FNDA:2,(anonymous_3)
FNDA:2,(anonymous_4)
FNDA:27,(anonymous_5)
FNDA:1,(anonymous_6)
DA:8,9
DA:9,9
DA:10,9
DA:15,9
DA:17,9
DA:18,1
DA:19,1
DA:23,9
DA:39,2
DA:50,2
DA:54,27
DA:63,1
LF:12
LH:12
BRF:0
BRH:0
end_of_record
TN:
SF:src\components\ModalDelete\ModalDelete.jsx
FN:5,ModalDelete
FN:10,confirm
FN:14,(anonymous_2)
FN:17,(anonymous_3)
FN:22,(anonymous_4)
FN:25,(anonymous_5)
FN:30,(anonymous_6)
FNF:7
FNH:7
FNDA:4,ModalDelete
FNDA:2,confirm
FNDA:2,(anonymous_2)
FNDA:1,(anonymous_3)
FNDA:1,(anonymous_4)
FNDA:1,(anonymous_5)
FNDA:1,(anonymous_6)
DA:7,4
DA:8,4
DA:11,2
DA:14,4
DA:15,2
DA:16,1
DA:19,1
DA:20,1
DA:22,1
DA:23,1
DA:24,1
DA:26,1
DA:28,1
DA:30,1
DA:34,4
LF:15
LH:15
BRDA:15,0,0,1
BRDA:15,0,1,1
BRDA:23,1,0,1
BRDA:23,1,1,0
BRF:4
BRH:3
end_of_record
TN:
SF:src\components\ModalEdit\ModalEdit.css
FNF:0
FNH:0
LF:0
LH:0
BRF:0
BRH:0
end_of_record
TN:
SF:src\components\ModalEdit\ModalEdit.jsx
FN:7,ModalEdit
FN:17,(anonymous_1)
FN:19,(anonymous_2)
FN:38,(anonymous_3)
FN:48,(anonymous_4)
FN:52,(anonymous_5)
FN:62,(anonymous_6)
FNF:7
FNH:7
FNDA:6,ModalEdit
FNDA:1,(anonymous_1)
FNDA:1,(anonymous_2)
FNDA:1,(anonymous_3)
FNDA:1,(anonymous_4)
FNDA:18,(anonymous_5)
FNDA:1,(anonymous_6)
DA:8,6
DA:9,6
DA:10,6
DA:12,6
DA:17,6
DA:18,1
DA:19,1
DA:20,1
DA:22,6
DA:38,1
DA:48,1
DA:54,18
DA:63,1
LF:13
LH:13
BRF:0
BRH:0
end_of_record
TN:
SF:src\components\ModalEditProduct\ModalEditProduct.jsx
FN:8,ModalEditProduct
FN:27,(anonymous_1)
FN:30,(anonymous_2)
FN:33,(anonymous_3)
FN:53,(anonymous_4)
FN:63,(anonymous_5)
FN:79,(anonymous_6)
FN:84,(anonymous_7)
FN:94,(anonymous_8)
FNF:9
FNH:9
FNDA:12,ModalEditProduct
FNDA:2,(anonymous_1)
FNDA:1,(anonymous_2)
FNDA:1,(anonymous_3)
FNDA:1,(anonymous_4)
FNDA:1,(anonymous_5)
FNDA:1,(anonymous_6)
FNDA:36,(anonymous_7)
FNDA:1,(anonymous_8)
DA:9,12
DA:10,12
DA:11,12
DA:12,12
DA:14,12
DA:15,0
DA:16,0
DA:17,0
DA:18,0
DA:21,12
DA:27,12
DA:28,2
DA:29,1
DA:30,1
DA:32,1
DA:33,1
DA:35,2
DA:37,12
DA:53,1
DA:63,1
DA:79,1
DA:86,36
DA:95,1
LF:23
LH:19
BRDA:14,0,0,0
BRDA:14,0,1,12
BRDA:28,1,0,1
BRDA:28,1,1,1
BRF:4
BRH:3
end_of_record
TN:
SF:src\components\Products\Products.jsx
FN:20,Products
FN:32,(anonymous_1)
FN:33,(anonymous_2)
FN:39,navigateEmploye
FN:43,(anonymous_4)
FN:52,(anonymous_5)
FN:57,filter
FN:60,(anonymous_7)
FN:108,(anonymous_8)
FN:119,(anonymous_9)
FN:129,(anonymous_10)
FN:146,(anonymous_11)
FN:151,(anonymous_12)
FN:168,(anonymous_13)
FN:172,(anonymous_14)
FNF:15
FNH:15
FNDA:22,Products
FNDA:10,(anonymous_1)
FNDA:10,(anonymous_2)
FNDA:1,navigateEmploye
FNDA:2,(anonymous_4)
FNDA:1,(anonymous_5)
FNDA:5,filter
FNDA:3,(anonymous_7)
FNDA:2,(anonymous_8)
FNDA:1,(anonymous_9)
FNDA:2,(anonymous_10)
FNDA:15,(anonymous_11)
FNDA:13,(anonymous_12)
FNDA:1,(anonymous_13)
FNDA:1,(anonymous_14)
DA:21,22
DA:22,22
DA:23,22
DA:24,22
DA:25,22
DA:26,22
DA:27,22
DA:28,22
DA:29,22
DA:30,22
DA:32,22
DA:33,10
DA:35,10
DA:40,1
DA:43,22
DA:44,2
DA:45,2
DA:46,0
DA:48,2
DA:52,22
DA:53,1
DA:54,1
DA:58,5
DA:60,3
DA:63,3
DA:67,22
DA:108,2
DA:119,1
DA:129,2
DA:147,15
DA:152,13
DA:168,1
DA:172,1
LF:33
LH:32
BRDA:45,0,0,0
BRDA:45,0,1,2
BRDA:58,1,0,2
BRDA:58,1,1,3
BRDA:69,2,0,22
BRDA:69,2,1,2
BRDA:76,3,0,22
BRDA:76,3,1,1
BRDA:147,4,0,11
BRDA:147,4,1,4
BRF:10
BRH:9
end_of_record
TN:
SF:src\components\Timer\Timer.jsx
FN:3,Timer
FN:6,(anonymous_1)
FN:7,(anonymous_2)
FN:24,(anonymous_3)
FNF:4
FNH:4
FNDA:5,Timer
FNDA:4,(anonymous_1)
FNDA:1,(anonymous_2)
FNDA:4,(anonymous_3)
DA:4,5
DA:6,5
DA:7,4
DA:8,1
DA:9,1
DA:10,1
DA:11,1
DA:12,1
DA:13,1
DA:14,1
DA:17,1
DA:24,4
DA:26,5
LF:13
LH:13
BRF:0
BRH:0
end_of_record
TN:
SF:src\components\Title\Title.jsx
FN:1,Title
FNF:1
FNH:1
FNDA:91,Title
DA:2,91
LF:1
LH:1
BRF:0
BRH:0
end_of_record
TN:
SF:src\components\Waiter\Waiter.jsx
FN:15,Waiter
FN:32,(anonymous_1)
FN:33,(anonymous_2)
FN:40,(anonymous_3)
FN:44,getFind
FN:46,(anonymous_5)
FN:55,handleAddToOrder
FN:57,(anonymous_7)
FN:59,(anonymous_8)
FN:76,(anonymous_9)
FN:100,addOrder
FN:102,(anonymous_11)
FN:108,filter
FN:111,(anonymous_13)
FN:118,deleteItem
FN:120,(anonymous_15)
FN:124,goToOrders
FN:128,(anonymous_17)
FN:130,(anonymous_18)
FN:133,(anonymous_19)
FN:158,(anonymous_20)
FN:167,(anonymous_21)
FN:178,(anonymous_22)
FN:188,(anonymous_23)
FN:195,(anonymous_24)
FN:200,(anonymous_25)
FN:211,(anonymous_26)
FN:223,(anonymous_27)
FN:237,(anonymous_28)
FN:246,(anonymous_29)
FN:257,(anonymous_30)
FNF:31
FNH:31
FNDA:37,Waiter
FNDA:7,(anonymous_1)
FNDA:7,(anonymous_2)
FNDA:8,(anonymous_3)
FNDA:8,getFind
FNDA:2,(anonymous_5)
FNDA:5,handleAddToOrder
FNDA:2,(anonymous_7)
FNDA:2,(anonymous_8)
FNDA:7,(anonymous_9)
FNDA:2,addOrder
FNDA:2,(anonymous_11)
FNDA:5,filter
FNDA:4,(anonymous_13)
FNDA:1,deleteItem
FNDA:1,(anonymous_15)
FNDA:1,goToOrders
FNDA:7,(anonymous_17)
FNDA:7,(anonymous_18)
FNDA:7,(anonymous_19)
FNDA:1,(anonymous_20)
FNDA:1,(anonymous_21)
FNDA:2,(anonymous_22)
FNDA:2,(anonymous_23)
FNDA:46,(anonymous_24)
FNDA:41,(anonymous_25)
FNDA:5,(anonymous_26)
FNDA:3,(anonymous_27)
FNDA:7,(anonymous_28)
FNDA:1,(anonymous_29)
FNDA:7,(anonymous_30)
DA:16,37
DA:17,37
DA:18,37
DA:19,37
DA:20,37
DA:21,37
DA:22,37
DA:23,37
DA:24,37
DA:25,37
DA:26,37
DA:27,37
DA:28,37
DA:29,37
DA:32,37
DA:33,7
DA:34,7
DA:36,7
DA:40,37
DA:41,8
DA:45,8
DA:46,1
DA:47,2
DA:49,1
DA:51,7
DA:57,5
DA:58,5
DA:59,2
DA:61,2
DA:62,2
DA:66,0
DA:68,2
DA:70,3
DA:71,3
DA:76,37
DA:77,7
DA:88,37
DA:101,2
DA:103,2
DA:104,2
DA:105,2
DA:109,5
DA:111,4
DA:114,3
DA:119,1
DA:120,1
DA:121,1
DA:125,1
DA:128,37
DA:129,7
DA:131,7
DA:132,7
DA:133,7
DA:135,7
DA:141,37
DA:158,1
DA:167,1
DA:178,2
DA:188,2
DA:196,46
DA:201,41
DA:211,5
DA:223,3
DA:238,7
DA:246,1
DA:257,7
LF:66
LH:65
BRDA:45,0,0,1
BRDA:45,0,1,7
BRDA:58,1,0,2
BRDA:58,1,1,3
BRDA:61,2,0,2
BRDA:61,2,1,0
BRDA:109,3,0,2
BRDA:109,3,1,3
BRDA:148,4,0,23
BRDA:148,4,1,14
BRDA:196,5,0,36
BRDA:196,5,1,10
BRF:12
BRH:11
end_of_record
TN:
SF:src\lib\api.js
FN:4,getLogin
FN:15,(anonymous_1)
FN:16,(anonymous_2)
FN:22,getEmployees
FN:29,(anonymous_4)
FN:31,(anonymous_5)
FN:37,cutEmail
FN:43,createUser
FN:55,(anonymous_8)
FN:56,(anonymous_9)
FN:60,deleteUser
FN:67,(anonymous_11)
FN:68,(anonymous_12)
FN:72,editUser
FN:85,(anonymous_14)
FN:88,(anonymous_15)
FN:91,getProducts
FN:98,(anonymous_17)
FN:100,(anonymous_18)
FN:105,deleteProduct
FN:112,(anonymous_20)
FN:113,(anonymous_21)
FN:117,editProduct
FN:132,(anonymous_23)
FN:135,(anonymous_24)
FN:137,createProduct
FN:152,(anonymous_26)
FN:154,(anonymous_27)
FN:159,createOrder
FN:168,(anonymous_29)
FN:173,(anonymous_30)
FN:179,getOrders
FN:186,(anonymous_32)
FN:187,(anonymous_33)
FN:192,updateOrder
FN:204,(anonymous_35)
FN:208,(anonymous_36)
FN:210,deleteOrder
FN:217,(anonymous_38)
FN:220,(anonymous_39)
FNF:40
FNH:37
FNDA:2,getLogin
FNDA:2,(anonymous_1)
FNDA:1,(anonymous_2)
FNDA:2,getEmployees
FNDA:1,(anonymous_4)
FNDA:1,(anonymous_5)
FNDA:15,cutEmail
FNDA:2,createUser
FNDA:1,(anonymous_8)
FNDA:1,(anonymous_9)
FNDA:2,deleteUser
FNDA:1,(anonymous_11)
FNDA:1,(anonymous_12)
FNDA:2,editUser
FNDA:1,(anonymous_14)
FNDA:1,(anonymous_15)
FNDA:2,getProducts
FNDA:1,(anonymous_17)
FNDA:1,(anonymous_18)
FNDA:2,deleteProduct
FNDA:1,(anonymous_20)
FNDA:1,(anonymous_21)
FNDA:2,editProduct
FNDA:1,(anonymous_23)
FNDA:1,(anonymous_24)
FNDA:1,createProduct
FNDA:1,(anonymous_26)
FNDA:1,(anonymous_27)
FNDA:2,createOrder
FNDA:1,(anonymous_29)
FNDA:2,(anonymous_30)
FNDA:2,getOrders
FNDA:1,(anonymous_32)
FNDA:1,(anonymous_33)
FNDA:2,updateOrder
FNDA:1,(anonymous_35)
FNDA:1,(anonymous_36)
FNDA:0,deleteOrder
FNDA:0,(anonymous_38)
FNDA:0,(anonymous_39)
DA:1,7
DA:2,7
DA:5,2
DA:15,2
DA:17,1
DA:23,2
DA:30,1
DA:32,1
DA:33,1
DA:38,15
DA:39,15
DA:40,15
DA:44,2
DA:55,1
DA:57,1
DA:61,2
DA:67,1
DA:69,1
DA:73,2
DA:86,1
DA:88,1
DA:92,2
DA:99,1
DA:101,1
DA:102,1
DA:106,2
DA:112,1
DA:114,1
DA:118,2
DA:133,1
DA:135,1
DA:138,1
DA:153,1
DA:155,1
DA:160,2
DA:171,1
DA:174,2
DA:180,2
DA:186,1
DA:188,1
DA:189,1
DA:193,2
DA:205,1
DA:206,1
DA:208,1
DA:211,0
DA:218,0
DA:219,0
DA:221,0
LF:49
LH:45
BRF:0
BRH:0
end_of_record
